<?xml version="1.0" encoding="utf-8"?>
<CoverageSession>
  <Summary numSequencePoints="339" visitedSequencePoints="322" numBranchPoints="66" visitedBranchPoints="60" sequenceCoverage="94.98" branchCoverage="90.9" maxCyclomaticComplexity="111" minCyclomaticComplexity="111" visitedClasses="15" numClasses="16" visitedMethods="52" numMethods="59" />
  <Modules>
    <Module hash="A39DEDF1-52E0-4451-8DDB-B28A3D7AE52D">
      <ModulePath>XgateSmsChannel.Plugins.dll</ModulePath>
      <ModuleTime>2026-06-05T08:51:00</ModuleTime>
      <ModuleName>XgateSmsChannel.Plugins</ModuleName>
      <Files>
        <File uid="1" fullPath="D:\work\Dynamics365-Solution\XgateSmsChannel\XgateSmsChannel.Plugins\ConsumingApplicationContracts\DeliveryReport.cs" />
        <File uid="2" fullPath="D:\work\Dynamics365-Solution\XgateSmsChannel\XgateSmsChannel.Plugins\DeliveryReportPlugin.cs" />
        <File uid="3" fullPath="D:\work\Dynamics365-Solution\XgateSmsChannel\XgateSmsChannel.Plugins\InboundPlugin.cs" />
        <File uid="4" fullPath="D:\work\Dynamics365-Solution\XgateSmsChannel\XgateSmsChannel.Plugins\JsonUtils.cs" />
        <File uid="5" fullPath="D:\work\Dynamics365-Solution\XgateSmsChannel\XgateSmsChannel.Plugins\OutboundPlugin.cs" />
        <File uid="6" fullPath="D:\work\Dynamics365-Solution\XgateSmsChannel\XgateSmsChannel.Plugins\ProviderContracts\ProviderDeliveryReport.cs" />
        <File uid="7" fullPath="D:\work\Dynamics365-Solution\XgateSmsChannel\XgateSmsChannel.Plugins\XgateGatewayException.cs" />
        <File uid="8" fullPath="D:\work\Dynamics365-Solution\XgateSmsChannel\XgateSmsChannel.Plugins\XgateContracts\SmsCountOfStatus.cs" />
        <File uid="9" fullPath="D:\work\Dynamics365-Solution\XgateSmsChannel\XgateSmsChannel.Plugins\XgateContracts\SmsReceiveInfo.cs" />
        <File uid="10" fullPath="D:\work\Dynamics365-Solution\XgateSmsChannel\XgateSmsChannel.Plugins\XgateContracts\SmsRecipient.cs" />
        <File uid="11" fullPath="D:\work\Dynamics365-Solution\XgateSmsChannel\XgateSmsChannel.Plugins\XgateContracts\SmsRequest.cs" />
        <File uid="12" fullPath="D:\work\Dynamics365-Solution\XgateSmsChannel\XgateSmsChannel.Plugins\XgateContracts\SmsResponse.cs" />
        <File uid="13" fullPath="D:\work\Dynamics365-Solution\XgateSmsChannel\XgateSmsChannel.Plugins\XgateContracts\TokenRequest.cs" />
        <File uid="14" fullPath="D:\work\Dynamics365-Solution\XgateSmsChannel\XgateSmsChannel.Plugins\XgateContracts\TokenResponse.cs" />
        <File uid="15" fullPath="D:\work\Dynamics365-Solution\XgateSmsChannel\XgateSmsChannel.Plugins\ChannelContracts\Payload.cs" />
        <File uid="16" fullPath="D:\work\Dynamics365-Solution\XgateSmsChannel\XgateSmsChannel.Plugins\ChannelContracts\Response.cs" />
      </Files>
      <Classes>
        <Class>
          <Summary numSequencePoints="7" visitedSequencePoints="7" numBranchPoints="0" visitedBranchPoints="0" sequenceCoverage="100" branchCoverage="100" maxCyclomaticComplexity="1" minCyclomaticComplexity="1" visitedClasses="1" numClasses="1" visitedMethods="7" numMethods="7" />
          <FullName>XgateSmsChannel.Plugins.DeliveryReport</FullName>
          <Methods>
            <Method cyclomaticComplexity="1" nPathComplexity="1" sequenceCoverage="100" branchCoverage="100" isConstructor="False" isGetter="True" isSetter="False" isStatic="True">
              <Summary numSequencePoints="1" visitedSequencePoints="1" numBranchPoints="0" visitedBranchPoints="0" sequenceCoverage="100" branchCoverage="100" maxCyclomaticComplexity="1" minCyclomaticComplexity="1" visitedClasses="0" numClasses="0" visitedMethods="1" numMethods="1" />
              <MetadataToken />
              <Name>System.Guid XgateSmsChannel.Plugins.DeliveryReport::get_ChannelDefinitionId()</Name>
              <FileRef uid="1" />
              <SequencePoints>
                <SequencePoint vc="23" uspid="11" ordinal="0" sl="11" sc="1" el="11" ec="2" bec="0" bev="0" fileid="1" />
              </SequencePoints>
              <BranchPoints />
              <MethodPoint vc="1" uspid="0" p8:type="SequencePoint" ordinal="0" offset="0" sc="0" sl="11" ec="1" el="11" bec="0" bev="0" fileid="1" xmlns:p8="xsi" />
            </Method>
            <Method cyclomaticComplexity="1" nPathComplexity="1" sequenceCoverage="100" branchCoverage="100" isConstructor="False" isGetter="True" isSetter="False" isStatic="True">
              <Summary numSequencePoints="1" visitedSequencePoints="1" numBranchPoints="0" visitedBranchPoints="0" sequenceCoverage="100" branchCoverage="100" maxCyclomaticComplexity="1" minCyclomaticComplexity="1" visitedClasses="0" numClasses="0" visitedMethods="1" numMethods="1" />
              <MetadataToken />
              <Name>System.String XgateSmsChannel.Plugins.DeliveryReport::get_RequestId()</Name>
              <FileRef uid="1" />
              <SequencePoints>
                <SequencePoint vc="26" uspid="14" ordinal="0" sl="14" sc="1" el="14" ec="2" bec="0" bev="0" fileid="1" />
              </SequencePoints>
              <BranchPoints />
              <MethodPoint vc="1" uspid="0" p8:type="SequencePoint" ordinal="1" offset="1" sc="0" sl="14" ec="1" el="14" bec="0" bev="0" fileid="1" xmlns:p8="xsi" />
            </Method>
            <Method cyclomaticComplexity="1" nPathComplexity="1" sequenceCoverage="100" branchCoverage="100" isConstructor="False" isGetter="True" isSetter="False" isStatic="True">
              <Summary numSequencePoints="1" visitedSequencePoints="1" numBranchPoints="0" visitedBranchPoints="0" sequenceCoverage="100" branchCoverage="100" maxCyclomaticComplexity="1" minCyclomaticComplexity="1" visitedClasses="0" numClasses="0" visitedMethods="1" numMethods="1" />
              <MetadataToken />
              <Name>System.String XgateSmsChannel.Plugins.DeliveryReport::get_MessageId()</Name>
              <FileRef uid="1" />
              <SequencePoints>
                <SequencePoint vc="24" uspid="17" ordinal="0" sl="17" sc="1" el="17" ec="2" bec="0" bev="0" fileid="1" />
              </SequencePoints>
              <BranchPoints />
              <MethodPoint vc="1" uspid="0" p8:type="SequencePoint" ordinal="2" offset="2" sc="0" sl="17" ec="1" el="17" bec="0" bev="0" fileid="1" xmlns:p8="xsi" />
            </Method>
            <Method cyclomaticComplexity="1" nPathComplexity="1" sequenceCoverage="100" branchCoverage="100" isConstructor="False" isGetter="True" isSetter="False" isStatic="True">
              <Summary numSequencePoints="1" visitedSequencePoints="1" numBranchPoints="0" visitedBranchPoints="0" sequenceCoverage="100" branchCoverage="100" maxCyclomaticComplexity="1" minCyclomaticComplexity="1" visitedClasses="0" numClasses="0" visitedMethods="1" numMethods="1" />
              <MetadataToken />
              <Name>System.String XgateSmsChannel.Plugins.DeliveryReport::get_Status()</Name>
              <FileRef uid="1" />
              <SequencePoints>
                <SequencePoint vc="28" uspid="20" ordinal="0" sl="20" sc="1" el="20" ec="2" bec="0" bev="0" fileid="1" />
              </SequencePoints>
              <BranchPoints />
              <MethodPoint vc="1" uspid="0" p8:type="SequencePoint" ordinal="3" offset="3" sc="0" sl="20" ec="1" el="20" bec="0" bev="0" fileid="1" xmlns:p8="xsi" />
            </Method>
            <Method cyclomaticComplexity="1" nPathComplexity="1" sequenceCoverage="100" branchCoverage="100" isConstructor="False" isGetter="True" isSetter="False" isStatic="True">
              <Summary numSequencePoints="1" visitedSequencePoints="1" numBranchPoints="0" visitedBranchPoints="0" sequenceCoverage="100" branchCoverage="100" maxCyclomaticComplexity="1" minCyclomaticComplexity="1" visitedClasses="0" numClasses="0" visitedMethods="1" numMethods="1" />
              <MetadataToken />
              <Name>System.Collections.Generic.IDictionary`2&lt;System.String,System.Object&gt; XgateSmsChannel.Plugins.DeliveryReport::get_StatusDetails()</Name>
              <FileRef uid="1" />
              <SequencePoints>
                <SequencePoint vc="23" uspid="23" ordinal="0" sl="23" sc="1" el="23" ec="2" bec="0" bev="0" fileid="1" />
              </SequencePoints>
              <BranchPoints />
              <MethodPoint vc="1" uspid="0" p8:type="SequencePoint" ordinal="4" offset="4" sc="0" sl="23" ec="1" el="23" bec="0" bev="0" fileid="1" xmlns:p8="xsi" />
            </Method>
            <Method cyclomaticComplexity="1" nPathComplexity="1" sequenceCoverage="100" branchCoverage="100" isConstructor="False" isGetter="True" isSetter="False" isStatic="True">
              <Summary numSequencePoints="1" visitedSequencePoints="1" numBranchPoints="0" visitedBranchPoints="0" sequenceCoverage="100" branchCoverage="100" maxCyclomaticComplexity="1" minCyclomaticComplexity="1" visitedClasses="0" numClasses="0" visitedMethods="1" numMethods="1" />
              <MetadataToken />
              <Name>System.String XgateSmsChannel.Plugins.DeliveryReport::get_From()</Name>
              <FileRef uid="1" />
              <SequencePoints>
                <SequencePoint vc="26" uspid="26" ordinal="0" sl="26" sc="1" el="26" ec="2" bec="0" bev="0" fileid="1" />
              </SequencePoints>
              <BranchPoints />
              <MethodPoint vc="1" uspid="0" p8:type="SequencePoint" ordinal="5" offset="5" sc="0" sl="26" ec="1" el="26" bec="0" bev="0" fileid="1" xmlns:p8="xsi" />
            </Method>
            <Method cyclomaticComplexity="1" nPathComplexity="1" sequenceCoverage="100" branchCoverage="100" isConstructor="False" isGetter="True" isSetter="False" isStatic="True">
              <Summary numSequencePoints="1" visitedSequencePoints="1" numBranchPoints="0" visitedBranchPoints="0" sequenceCoverage="100" branchCoverage="100" maxCyclomaticComplexity="1" minCyclomaticComplexity="1" visitedClasses="0" numClasses="0" visitedMethods="1" numMethods="1" />
              <MetadataToken />
              <Name>System.String XgateSmsChannel.Plugins.DeliveryReport::get_OrganizationId()</Name>
              <FileRef uid="1" />
              <SequencePoints>
                <SequencePoint vc="23" uspid="29" ordinal="0" sl="29" sc="1" el="29" ec="2" bec="0" bev="0" fileid="1" />
              </SequencePoints>
              <BranchPoints />
              <MethodPoint vc="1" uspid="0" p8:type="SequencePoint" ordinal="6" offset="6" sc="0" sl="29" ec="1" el="29" bec="0" bev="0" fileid="1" xmlns:p8="xsi" />
            </Method>
          </Methods>
        </Class>
        <Class>
          <Summary numSequencePoints="87" visitedSequencePoints="83" numBranchPoints="20" visitedBranchPoints="17" sequenceCoverage="95.4" branchCoverage="85" maxCyclomaticComplexity="8" minCyclomaticComplexity="1" visitedClasses="1" numClasses="1" visitedMethods="5" numMethods="5" />
          <FullName>XgateSmsChannel.Plugins.DeliveryReportPlugin</FullName>
          <Methods>
            <Method cyclomaticComplexity="1" nPathComplexity="1" sequenceCoverage="100" branchCoverage="100" isConstructor="False" isGetter="False" isSetter="False" isStatic="True">
              <Summary numSequencePoints="34" visitedSequencePoints="34" numBranchPoints="0" visitedBranchPoints="0" sequenceCoverage="100" branchCoverage="100" maxCyclomaticComplexity="1" minCyclomaticComplexity="1" visitedClasses="0" numClasses="0" visitedMethods="1" numMethods="1" />
              <MetadataToken />
              <Name>System.Void XgateSmsChannel.Plugins.DeliveryReportPlugin::Execute(System.IServiceProvider)</Name>
              <FileRef uid="2" />
              <SequencePoints>
                <SequencePoint vc="8" uspid="16" ordinal="0" sl="16" sc="1" el="16" ec="2" bec="0" bev="0" fileid="2" />
                <SequencePoint vc="8" uspid="17" ordinal="1" sl="17" sc="1" el="17" ec="2" bec="0" bev="0" fileid="2" />
                <SequencePoint vc="8" uspid="18" ordinal="2" sl="18" sc="1" el="18" ec="2" bec="0" bev="0" fileid="2" />
                <SequencePoint vc="8" uspid="19" ordinal="3" sl="19" sc="1" el="19" ec="2" bec="0" bev="0" fileid="2" />
                <SequencePoint vc="8" uspid="20" ordinal="4" sl="20" sc="1" el="20" ec="2" bec="0" bev="0" fileid="2" />
                <SequencePoint vc="8" uspid="21" ordinal="5" sl="21" sc="1" el="21" ec="2" bec="0" bev="0" fileid="2" />
                <SequencePoint vc="8" uspid="22" ordinal="6" sl="22" sc="1" el="22" ec="2" bec="0" bev="0" fileid="2" />
                <SequencePoint vc="8" uspid="24" ordinal="7" sl="24" sc="1" el="24" ec="2" bec="0" bev="0" fileid="2" />
                <SequencePoint vc="8" uspid="25" ordinal="8" sl="25" sc="1" el="25" ec="2" bec="0" bev="0" fileid="2" />
                <SequencePoint vc="8" uspid="26" ordinal="9" sl="26" sc="1" el="26" ec="2" bec="0" bev="0" fileid="2" />
                <SequencePoint vc="8" uspid="27" ordinal="10" sl="27" sc="1" el="27" ec="2" bec="0" bev="0" fileid="2" />
                <SequencePoint vc="8" uspid="29" ordinal="11" sl="29" sc="1" el="29" ec="2" bec="0" bev="0" fileid="2" />
                <SequencePoint vc="8" uspid="30" ordinal="12" sl="30" sc="1" el="30" ec="2" bec="0" bev="0" fileid="2" />
                <SequencePoint vc="8" uspid="32" ordinal="13" sl="32" sc="1" el="32" ec="2" bec="0" bev="0" fileid="2" />
                <SequencePoint vc="8" uspid="33" ordinal="14" sl="33" sc="1" el="33" ec="2" bec="0" bev="0" fileid="2" />
                <SequencePoint vc="8" uspid="34" ordinal="15" sl="34" sc="1" el="34" ec="2" bec="0" bev="0" fileid="2" />
                <SequencePoint vc="8" uspid="35" ordinal="16" sl="35" sc="1" el="35" ec="2" bec="0" bev="0" fileid="2" />
                <SequencePoint vc="8" uspid="36" ordinal="17" sl="36" sc="1" el="36" ec="2" bec="0" bev="0" fileid="2" />
                <SequencePoint vc="8" uspid="37" ordinal="18" sl="37" sc="1" el="37" ec="2" bec="0" bev="0" fileid="2" />
                <SequencePoint vc="8" uspid="38" ordinal="19" sl="38" sc="1" el="38" ec="2" bec="0" bev="0" fileid="2" />
                <SequencePoint vc="8" uspid="39" ordinal="20" sl="39" sc="1" el="39" ec="2" bec="0" bev="0" fileid="2" />
                <SequencePoint vc="8" uspid="40" ordinal="21" sl="40" sc="1" el="40" ec="2" bec="0" bev="0" fileid="2" />
                <SequencePoint vc="8" uspid="41" ordinal="22" sl="41" sc="1" el="41" ec="2" bec="0" bev="0" fileid="2" />
                <SequencePoint vc="8" uspid="43" ordinal="23" sl="43" sc="1" el="43" ec="2" bec="0" bev="0" fileid="2" />
                <SequencePoint vc="8" uspid="44" ordinal="24" sl="44" sc="1" el="44" ec="2" bec="0" bev="0" fileid="2" />
                <SequencePoint vc="8" uspid="46" ordinal="25" sl="46" sc="1" el="46" ec="2" bec="0" bev="0" fileid="2" />
                <SequencePoint vc="8" uspid="47" ordinal="26" sl="47" sc="1" el="47" ec="2" bec="0" bev="0" fileid="2" />
                <SequencePoint vc="8" uspid="48" ordinal="27" sl="48" sc="1" el="48" ec="2" bec="0" bev="0" fileid="2" />
                <SequencePoint vc="8" uspid="49" ordinal="28" sl="49" sc="1" el="49" ec="2" bec="0" bev="0" fileid="2" />
                <SequencePoint vc="8" uspid="50" ordinal="29" sl="50" sc="1" el="50" ec="2" bec="0" bev="0" fileid="2" />
                <SequencePoint vc="8" uspid="51" ordinal="30" sl="51" sc="1" el="51" ec="2" bec="0" bev="0" fileid="2" />
                <SequencePoint vc="8" uspid="52" ordinal="31" sl="52" sc="1" el="52" ec="2" bec="0" bev="0" fileid="2" />
                <SequencePoint vc="8" uspid="54" ordinal="32" sl="54" sc="1" el="54" ec="2" bec="0" bev="0" fileid="2" />
                <SequencePoint vc="8" uspid="55" ordinal="33" sl="55" sc="1" el="55" ec="2" bec="0" bev="0" fileid="2" />
              </SequencePoints>
              <BranchPoints />
              <MethodPoint vc="34" uspid="0" p8:type="SequencePoint" ordinal="0" offset="0" sc="0" sl="16" ec="1" el="55" bec="0" bev="0" fileid="2" xmlns:p8="xsi" />
            </Method>
            <Method cyclomaticComplexity="6" nPathComplexity="6" sequenceCoverage="76.47" branchCoverage="66.66" isConstructor="False" isGetter="False" isSetter="False" isStatic="True">
              <Summary numSequencePoints="17" visitedSequencePoints="13" numBranchPoints="6" visitedBranchPoints="4" sequenceCoverage="76.47" branchCoverage="66.66" maxCyclomaticComplexity="6" minCyclomaticComplexity="6" visitedClasses="0" numClasses="0" visitedMethods="1" numMethods="1" />
              <MetadataToken />
              <Name>System.Collections.Generic.Dictionary`2&lt;System.String,System.String&gt; XgateSmsChannel.Plugins.DeliveryReportPlugin::ParseQueryString(System.String)</Name>
              <FileRef uid="2" />
              <SequencePoints>
                <SequencePoint vc="8" uspid="59" ordinal="0" sl="59" sc="1" el="59" ec="2" bec="0" bev="0" fileid="2" />
                <SequencePoint vc="8" uspid="60" ordinal="1" sl="60" sc="1" el="60" ec="2" bec="0" bev="0" fileid="2" />
                <SequencePoint vc="8" uspid="61" ordinal="2" sl="61" sc="1" el="61" ec="2" bec="2" bev="1" fileid="2" />
                <SequencePoint vc="0" uspid="62" ordinal="3" sl="62" sc="1" el="62" ec="2" bec="0" bev="0" fileid="2" />
                <SequencePoint vc="0" uspid="63" ordinal="4" sl="63" sc="1" el="63" ec="2" bec="0" bev="0" fileid="2" />
                <SequencePoint vc="72" uspid="66" ordinal="5" sl="66" sc="1" el="66" ec="2" bec="2" bev="2" fileid="2" />
                <SequencePoint vc="24" uspid="67" ordinal="6" sl="67" sc="1" el="67" ec="2" bec="0" bev="0" fileid="2" />
                <SequencePoint vc="24" uspid="68" ordinal="7" sl="68" sc="1" el="68" ec="2" bec="0" bev="0" fileid="2" />
                <SequencePoint vc="24" uspid="69" ordinal="8" sl="69" sc="1" el="69" ec="2" bec="2" bev="1" fileid="2" />
                <SequencePoint vc="0" uspid="70" ordinal="9" sl="70" sc="1" el="70" ec="2" bec="0" bev="0" fileid="2" />
                <SequencePoint vc="0" uspid="71" ordinal="10" sl="71" sc="1" el="71" ec="2" bec="0" bev="0" fileid="2" />
                <SequencePoint vc="24" uspid="74" ordinal="11" sl="74" sc="1" el="74" ec="2" bec="0" bev="0" fileid="2" />
                <SequencePoint vc="24" uspid="75" ordinal="12" sl="75" sc="1" el="75" ec="2" bec="0" bev="0" fileid="2" />
                <SequencePoint vc="24" uspid="76" ordinal="13" sl="76" sc="1" el="76" ec="2" bec="0" bev="0" fileid="2" />
                <SequencePoint vc="24" uspid="77" ordinal="14" sl="77" sc="1" el="77" ec="2" bec="0" bev="0" fileid="2" />
                <SequencePoint vc="8" uspid="79" ordinal="15" sl="79" sc="1" el="79" ec="2" bec="0" bev="0" fileid="2" />
                <SequencePoint vc="8" uspid="80" ordinal="16" sl="80" sc="1" el="80" ec="2" bec="0" bev="0" fileid="2" />
              </SequencePoints>
              <BranchPoints>
                <BranchPoint vc="0" uspid="61" ordinal="0" path="0" offset="20" offsetend="22" sl="61" fileid="2" />
                <BranchPoint vc="8" uspid="61" ordinal="1" path="1" offset="20" offsetend="30" sl="61" fileid="2" />
                <BranchPoint vc="24" uspid="66" ordinal="5" path="1" offset="154" offsetend="54" sl="66" fileid="2" />
                <BranchPoint vc="0" uspid="69" ordinal="2" path="0" offset="81" offsetend="83" sl="69" fileid="2" />
                <BranchPoint vc="24" uspid="69" ordinal="3" path="1" offset="81" offsetend="86" sl="69" fileid="2" />
                <BranchPoint vc="8" uspid="66" ordinal="4" path="0" offset="154" offsetend="156" sl="66" fileid="2" />
              </BranchPoints>
              <MethodPoint vc="13" uspid="0" p8:type="SequencePoint" ordinal="1" offset="1" sc="0" sl="59" ec="1" el="80" bec="0" bev="0" fileid="2" xmlns:p8="xsi" />
            </Method>
            <Method cyclomaticComplexity="8" nPathComplexity="8" sequenceCoverage="100" branchCoverage="87.5" isConstructor="False" isGetter="False" isSetter="False" isStatic="True">
              <Summary numSequencePoints="25" visitedSequencePoints="25" numBranchPoints="8" visitedBranchPoints="7" sequenceCoverage="100" branchCoverage="87.5" maxCyclomaticComplexity="8" minCyclomaticComplexity="8" visitedClasses="0" numClasses="0" visitedMethods="1" numMethods="1" />
              <MetadataToken />
              <Name>System.String XgateSmsChannel.Plugins.DeliveryReportPlugin::ResolveD365MessageId(System.String,Microsoft.Xrm.Sdk.ITracingService,System.String&amp;)</Name>
              <FileRef uid="2" />
              <SequencePoints>
                <SequencePoint vc="8" uspid="84" ordinal="0" sl="84" sc="1" el="84" ec="2" bec="0" bev="0" fileid="2" />
                <SequencePoint vc="8" uspid="85" ordinal="1" sl="85" sc="1" el="85" ec="2" bec="0" bev="0" fileid="2" />
                <SequencePoint vc="8" uspid="86" ordinal="2" sl="86" sc="1" el="86" ec="2" bec="4" bev="3" fileid="2" />
                <SequencePoint vc="2" uspid="87" ordinal="3" sl="87" sc="1" el="87" ec="2" bec="0" bev="0" fileid="2" />
                <SequencePoint vc="2" uspid="88" ordinal="4" sl="88" sc="1" el="88" ec="2" bec="0" bev="0" fileid="2" />
                <SequencePoint vc="6" uspid="91" ordinal="5" sl="91" sc="1" el="91" ec="2" bec="0" bev="0" fileid="2" />
                <SequencePoint vc="6" uspid="93" ordinal="6" sl="93" sc="1" el="93" ec="2" bec="0" bev="0" fileid="2" />
                <SequencePoint vc="6" uspid="94" ordinal="7" sl="94" sc="1" el="94" ec="2" bec="0" bev="0" fileid="2" />
                <SequencePoint vc="6" uspid="95" ordinal="8" sl="95" sc="1" el="95" ec="2" bec="0" bev="0" fileid="2" />
                <SequencePoint vc="6" uspid="96" ordinal="9" sl="96" sc="1" el="96" ec="2" bec="2" bev="2" fileid="2" />
                <SequencePoint vc="6" uspid="97" ordinal="10" sl="97" sc="1" el="97" ec="2" bec="0" bev="0" fileid="2" />
                <SequencePoint vc="6" uspid="98" ordinal="11" sl="98" sc="1" el="98" ec="2" bec="0" bev="0" fileid="2" />
                <SequencePoint vc="6" uspid="99" ordinal="12" sl="99" sc="1" el="99" ec="2" bec="0" bev="0" fileid="2" />
                <SequencePoint vc="6" uspid="101" ordinal="13" sl="101" sc="1" el="101" ec="2" bec="0" bev="0" fileid="2" />
                <SequencePoint vc="5" uspid="102" ordinal="14" sl="102" sc="1" el="102" ec="2" bec="0" bev="0" fileid="2" />
                <SequencePoint vc="1" uspid="103" ordinal="15" sl="103" sc="1" el="103" ec="2" bec="0" bev="0" fileid="2" />
                <SequencePoint vc="1" uspid="104" ordinal="16" sl="104" sc="1" el="104" ec="2" bec="0" bev="0" fileid="2" />
                <SequencePoint vc="1" uspid="106" ordinal="17" sl="106" sc="1" el="106" ec="2" bec="0" bev="0" fileid="2" />
                <SequencePoint vc="1" uspid="107" ordinal="18" sl="107" sc="1" el="107" ec="2" bec="0" bev="0" fileid="2" />
                <SequencePoint vc="6" uspid="109" ordinal="19" sl="109" sc="1" el="109" ec="2" bec="2" bev="2" fileid="2" />
                <SequencePoint vc="6" uspid="110" ordinal="20" sl="110" sc="1" el="110" ec="2" bec="0" bev="0" fileid="2" />
                <SequencePoint vc="6" uspid="111" ordinal="21" sl="111" sc="1" el="111" ec="2" bec="0" bev="0" fileid="2" />
                <SequencePoint vc="6" uspid="112" ordinal="22" sl="112" sc="1" el="112" ec="2" bec="0" bev="0" fileid="2" />
                <SequencePoint vc="6" uspid="114" ordinal="23" sl="114" sc="1" el="114" ec="2" bec="0" bev="0" fileid="2" />
                <SequencePoint vc="8" uspid="115" ordinal="24" sl="115" sc="1" el="115" ec="2" bec="0" bev="0" fileid="2" />
              </SequencePoints>
              <BranchPoints>
                <BranchPoint vc="8" uspid="86" ordinal="0" path="0" offset="9" offsetend="11" sl="86" fileid="2" />
                <BranchPoint vc="0" uspid="86" ordinal="1" path="1" offset="9" offsetend="27" sl="86" fileid="2" />
                <BranchPoint vc="2" uspid="86" ordinal="2" path="0" offset="30" offsetend="32" sl="86" fileid="2" />
                <BranchPoint vc="6" uspid="86" ordinal="3" path="1" offset="30" offsetend="40" sl="86" fileid="2" />
                <BranchPoint vc="6" uspid="96" ordinal="4" path="0" offset="114" offsetend="116" sl="96" fileid="2" />
                <BranchPoint vc="6" uspid="96" ordinal="5" path="1" offset="114" offsetend="138" sl="96" fileid="2" />
                <BranchPoint vc="6" uspid="109" ordinal="6" path="0" offset="261" offsetend="263" sl="109" fileid="2" />
                <BranchPoint vc="6" uspid="109" ordinal="7" path="1" offset="261" offsetend="275" sl="109" fileid="2" />
              </BranchPoints>
              <MethodPoint vc="25" uspid="0" p8:type="SequencePoint" ordinal="2" offset="2" sc="0" sl="84" ec="1" el="115" bec="0" bev="0" fileid="2" xmlns:p8="xsi" />
            </Method>
            <Method cyclomaticComplexity="6" nPathComplexity="6" sequenceCoverage="100" branchCoverage="100" isConstructor="False" isGetter="False" isSetter="False" isStatic="True">
              <Summary numSequencePoints="10" visitedSequencePoints="10" numBranchPoints="6" visitedBranchPoints="6" sequenceCoverage="100" branchCoverage="100" maxCyclomaticComplexity="6" minCyclomaticComplexity="6" visitedClasses="0" numClasses="0" visitedMethods="1" numMethods="1" />
              <MetadataToken />
              <Name>System.String XgateSmsChannel.Plugins.DeliveryReportPlugin::MapState(System.String)</Name>
              <FileRef uid="2" />
              <SequencePoints>
                <SequencePoint vc="8" uspid="118" ordinal="0" sl="118" sc="1" el="118" ec="2" bec="0" bev="0" fileid="2" />
                <SequencePoint vc="8" uspid="119" ordinal="1" sl="119" sc="1" el="119" ec="2" bec="2" bev="2" fileid="2" />
                <SequencePoint vc="4" uspid="120" ordinal="2" sl="120" sc="1" el="120" ec="2" bec="0" bev="0" fileid="2" />
                <SequencePoint vc="4" uspid="121" ordinal="3" sl="121" sc="1" el="121" ec="2" bec="0" bev="0" fileid="2" />
                <SequencePoint vc="4" uspid="124" ordinal="4" sl="124" sc="1" el="124" ec="2" bec="4" bev="4" fileid="2" />
                <SequencePoint vc="4" uspid="125" ordinal="5" sl="125" sc="1" el="125" ec="2" bec="0" bev="0" fileid="2" />
                <SequencePoint vc="2" uspid="126" ordinal="6" sl="126" sc="1" el="126" ec="2" bec="0" bev="0" fileid="2" />
                <SequencePoint vc="2" uspid="127" ordinal="7" sl="127" sc="1" el="127" ec="2" bec="0" bev="0" fileid="2" />
                <SequencePoint vc="2" uspid="130" ordinal="8" sl="130" sc="1" el="130" ec="2" bec="0" bev="0" fileid="2" />
                <SequencePoint vc="8" uspid="131" ordinal="9" sl="131" sc="1" el="131" ec="2" bec="0" bev="0" fileid="2" />
              </SequencePoints>
              <BranchPoints>
                <BranchPoint vc="4" uspid="119" ordinal="0" path="0" offset="15" offsetend="17" sl="119" fileid="2" />
                <BranchPoint vc="4" uspid="119" ordinal="1" path="1" offset="15" offsetend="26" sl="119" fileid="2" />
                <BranchPoint vc="3" uspid="124" ordinal="2" path="0" offset="38" offsetend="40" sl="124" fileid="2" />
                <BranchPoint vc="1" uspid="124" ordinal="3" path="1" offset="38" offsetend="54" sl="124" fileid="2" />
                <BranchPoint vc="2" uspid="124" ordinal="4" path="0" offset="57" offsetend="59" sl="124" fileid="2" />
                <BranchPoint vc="2" uspid="124" ordinal="5" path="1" offset="57" offsetend="68" sl="124" fileid="2" />
              </BranchPoints>
              <MethodPoint vc="10" uspid="0" p8:type="SequencePoint" ordinal="3" offset="3" sc="0" sl="118" ec="1" el="131" bec="0" bev="0" fileid="2" xmlns:p8="xsi" />
            </Method>
            <Method cyclomaticComplexity="1" nPathComplexity="1" sequenceCoverage="100" branchCoverage="100" isConstructor="True" isGetter="False" isSetter="False" isStatic="True">
              <Summary numSequencePoints="1" visitedSequencePoints="1" numBranchPoints="0" visitedBranchPoints="0" sequenceCoverage="100" branchCoverage="100" maxCyclomaticComplexity="1" minCyclomaticComplexity="1" visitedClasses="0" numClasses="0" visitedMethods="1" numMethods="1" />
              <MetadataToken />
              <Name>System.Void XgateSmsChannel.Plugins.DeliveryReportPlugin::.cctor()</Name>
              <FileRef uid="2" />
              <SequencePoints>
                <SequencePoint vc="1" uspid="13" ordinal="0" sl="13" sc="1" el="13" ec="2" bec="0" bev="0" fileid="2" />
              </SequencePoints>
              <BranchPoints />
              <MethodPoint vc="1" uspid="0" p8:type="SequencePoint" ordinal="4" offset="4" sc="0" sl="13" ec="1" el="13" bec="0" bev="0" fileid="2" xmlns:p8="xsi" />
            </Method>
          </Methods>
        </Class>
        <Class>
          <Summary numSequencePoints="15" visitedSequencePoints="15" numBranchPoints="0" visitedBranchPoints="0" sequenceCoverage="100" branchCoverage="100" maxCyclomaticComplexity="1" minCyclomaticComplexity="1" visitedClasses="1" numClasses="1" visitedMethods="1" numMethods="1" />
          <FullName>XgateSmsChannel.Plugins.InboundPlugin</FullName>
          <Methods>
            <Method cyclomaticComplexity="1" nPathComplexity="1" sequenceCoverage="100" branchCoverage="100" isConstructor="False" isGetter="False" isSetter="False" isStatic="True">
              <Summary numSequencePoints="15" visitedSequencePoints="15" numBranchPoints="0" visitedBranchPoints="0" sequenceCoverage="100" branchCoverage="100" maxCyclomaticComplexity="1" minCyclomaticComplexity="1" visitedClasses="0" numClasses="0" visitedMethods="1" numMethods="1" />
              <MetadataToken />
              <Name>System.Void XgateSmsChannel.Plugins.InboundPlugin::Execute(System.IServiceProvider)</Name>
              <FileRef uid="3" />
              <SequencePoints>
                <SequencePoint vc="1" uspid="12" ordinal="0" sl="12" sc="1" el="12" ec="2" bec="0" bev="0" fileid="3" />
                <SequencePoint vc="1" uspid="13" ordinal="1" sl="13" sc="1" el="13" ec="2" bec="0" bev="0" fileid="3" />
                <SequencePoint vc="1" uspid="14" ordinal="2" sl="14" sc="1" el="14" ec="2" bec="0" bev="0" fileid="3" />
                <SequencePoint vc="1" uspid="15" ordinal="3" sl="15" sc="1" el="15" ec="2" bec="0" bev="0" fileid="3" />
                <SequencePoint vc="1" uspid="16" ordinal="4" sl="16" sc="1" el="16" ec="2" bec="0" bev="0" fileid="3" />
                <SequencePoint vc="1" uspid="17" ordinal="5" sl="17" sc="1" el="17" ec="2" bec="0" bev="0" fileid="3" />
                <SequencePoint vc="1" uspid="18" ordinal="6" sl="18" sc="1" el="18" ec="2" bec="0" bev="0" fileid="3" />
                <SequencePoint vc="1" uspid="20" ordinal="7" sl="20" sc="1" el="20" ec="2" bec="0" bev="0" fileid="3" />
                <SequencePoint vc="1" uspid="21" ordinal="8" sl="21" sc="1" el="21" ec="2" bec="0" bev="0" fileid="3" />
                <SequencePoint vc="1" uspid="22" ordinal="9" sl="22" sc="1" el="22" ec="2" bec="0" bev="0" fileid="3" />
                <SequencePoint vc="1" uspid="23" ordinal="10" sl="23" sc="1" el="23" ec="2" bec="0" bev="0" fileid="3" />
                <SequencePoint vc="1" uspid="24" ordinal="11" sl="24" sc="1" el="24" ec="2" bec="0" bev="0" fileid="3" />
                <SequencePoint vc="1" uspid="25" ordinal="12" sl="25" sc="1" el="25" ec="2" bec="0" bev="0" fileid="3" />
                <SequencePoint vc="1" uspid="27" ordinal="13" sl="27" sc="1" el="27" ec="2" bec="0" bev="0" fileid="3" />
                <SequencePoint vc="1" uspid="28" ordinal="14" sl="28" sc="1" el="28" ec="2" bec="0" bev="0" fileid="3" />
              </SequencePoints>
              <BranchPoints />
              <MethodPoint vc="15" uspid="0" p8:type="SequencePoint" ordinal="0" offset="0" sc="0" sl="12" ec="1" el="28" bec="0" bev="0" fileid="3" xmlns:p8="xsi" />
            </Method>
          </Methods>
        </Class>
        <Class>
          <Summary numSequencePoints="25" visitedSequencePoints="25" numBranchPoints="6" visitedBranchPoints="6" sequenceCoverage="100" branchCoverage="100" maxCyclomaticComplexity="4" minCyclomaticComplexity="2" visitedClasses="1" numClasses="1" visitedMethods="2" numMethods="2" />
          <FullName>XgateSmsChannel.Plugins.JsonUtils</FullName>
          <Methods>
            <Method cyclomaticComplexity="2" nPathComplexity="2" sequenceCoverage="100" branchCoverage="100" isConstructor="False" isGetter="False" isSetter="False" isStatic="True">
              <Summary numSequencePoints="15" visitedSequencePoints="15" numBranchPoints="2" visitedBranchPoints="2" sequenceCoverage="100" branchCoverage="100" maxCyclomaticComplexity="2" minCyclomaticComplexity="2" visitedClasses="0" numClasses="0" visitedMethods="1" numMethods="1" />
              <MetadataToken />
              <Name>System.String XgateSmsChannel.Plugins.JsonUtils::Serialize(T,System.Runtime.Serialization.Json.DataContractJsonSerializerSettings)</Name>
              <FileRef uid="4" />
              <SequencePoints>
                <SequencePoint vc="49" uspid="15" ordinal="0" sl="15" sc="1" el="15" ec="2" bec="0" bev="0" fileid="4" />
                <SequencePoint vc="49" uspid="16" ordinal="1" sl="16" sc="1" el="16" ec="2" bec="0" bev="0" fileid="4" />
                <SequencePoint vc="49" uspid="17" ordinal="2" sl="17" sc="1" el="17" ec="2" bec="0" bev="0" fileid="4" />
                <SequencePoint vc="49" uspid="18" ordinal="3" sl="18" sc="1" el="18" ec="2" bec="0" bev="0" fileid="4" />
                <SequencePoint vc="49" uspid="19" ordinal="4" sl="19" sc="1" el="19" ec="2" bec="2" bev="2" fileid="4" />
                <SequencePoint vc="49" uspid="20" ordinal="5" sl="20" sc="1" el="20" ec="2" bec="0" bev="0" fileid="4" />
                <SequencePoint vc="49" uspid="21" ordinal="6" sl="21" sc="1" el="21" ec="2" bec="0" bev="0" fileid="4" />
                <SequencePoint vc="49" uspid="22" ordinal="7" sl="22" sc="1" el="22" ec="2" bec="0" bev="0" fileid="4" />
                <SequencePoint vc="49" uspid="23" ordinal="8" sl="23" sc="1" el="23" ec="2" bec="0" bev="0" fileid="4" />
                <SequencePoint vc="49" uspid="24" ordinal="9" sl="24" sc="1" el="24" ec="2" bec="0" bev="0" fileid="4" />
                <SequencePoint vc="49" uspid="26" ordinal="10" sl="26" sc="1" el="26" ec="2" bec="0" bev="0" fileid="4" />
                <SequencePoint vc="49" uspid="27" ordinal="11" sl="27" sc="1" el="27" ec="2" bec="0" bev="0" fileid="4" />
                <SequencePoint vc="49" uspid="28" ordinal="12" sl="28" sc="1" el="28" ec="2" bec="0" bev="0" fileid="4" />
                <SequencePoint vc="49" uspid="29" ordinal="13" sl="29" sc="1" el="29" ec="2" bec="0" bev="0" fileid="4" />
                <SequencePoint vc="49" uspid="31" ordinal="14" sl="31" sc="1" el="31" ec="2" bec="0" bev="0" fileid="4" />
              </SequencePoints>
              <BranchPoints>
                <BranchPoint vc="49" uspid="19" ordinal="0" path="0" offset="17" offsetend="19" sl="19" fileid="4" />
                <BranchPoint vc="49" uspid="19" ordinal="1" path="1" offset="17" offsetend="78" sl="19" fileid="4" />
              </BranchPoints>
              <MethodPoint vc="15" uspid="0" p8:type="SequencePoint" ordinal="0" offset="0" sc="0" sl="15" ec="1" el="31" bec="0" bev="0" fileid="4" xmlns:p8="xsi" />
            </Method>
            <Method cyclomaticComplexity="4" nPathComplexity="4" sequenceCoverage="100" branchCoverage="100" isConstructor="False" isGetter="False" isSetter="False" isStatic="True">
              <Summary numSequencePoints="10" visitedSequencePoints="10" numBranchPoints="4" visitedBranchPoints="4" sequenceCoverage="100" branchCoverage="100" maxCyclomaticComplexity="4" minCyclomaticComplexity="4" visitedClasses="0" numClasses="0" visitedMethods="1" numMethods="1" />
              <MetadataToken />
              <Name>T XgateSmsChannel.Plugins.JsonUtils::Deserialize(System.String,System.Runtime.Serialization.Json.DataContractJsonSerializerSettings)</Name>
              <FileRef uid="4" />
              <SequencePoints>
                <SequencePoint vc="47" uspid="34" ordinal="0" sl="34" sc="1" el="34" ec="2" bec="0" bev="0" fileid="4" />
                <SequencePoint vc="47" uspid="35" ordinal="1" sl="35" sc="1" el="35" ec="2" bec="2" bev="2" fileid="4" />
                <SequencePoint vc="1" uspid="36" ordinal="2" sl="36" sc="1" el="36" ec="2" bec="0" bev="0" fileid="4" />
                <SequencePoint vc="1" uspid="37" ordinal="3" sl="37" sc="1" el="37" ec="2" bec="0" bev="0" fileid="4" />
                <SequencePoint vc="46" uspid="40" ordinal="4" sl="40" sc="1" el="40" ec="2" bec="0" bev="0" fileid="4" />
                <SequencePoint vc="46" uspid="41" ordinal="5" sl="41" sc="1" el="41" ec="2" bec="0" bev="0" fileid="4" />
                <SequencePoint vc="46" uspid="42" ordinal="6" sl="42" sc="1" el="42" ec="2" bec="2" bev="2" fileid="4" />
                <SequencePoint vc="46" uspid="44" ordinal="7" sl="44" sc="1" el="44" ec="2" bec="0" bev="0" fileid="4" />
                <SequencePoint vc="46" uspid="45" ordinal="8" sl="45" sc="1" el="45" ec="2" bec="0" bev="0" fileid="4" />
                <SequencePoint vc="47" uspid="47" ordinal="9" sl="47" sc="1" el="47" ec="2" bec="0" bev="0" fileid="4" />
              </SequencePoints>
              <BranchPoints>
                <BranchPoint vc="1" uspid="35" ordinal="0" path="0" offset="28" offsetend="30" sl="35" fileid="4" />
                <BranchPoint vc="46" uspid="35" ordinal="1" path="1" offset="28" offsetend="40" sl="35" fileid="4" />
                <BranchPoint vc="46" uspid="42" ordinal="2" path="0" offset="60" offsetend="62" sl="42" fileid="4" />
                <BranchPoint vc="46" uspid="42" ordinal="3" path="1" offset="60" offsetend="76" sl="42" fileid="4" />
              </BranchPoints>
              <MethodPoint vc="10" uspid="0" p8:type="SequencePoint" ordinal="1" offset="1" sc="0" sl="34" ec="1" el="47" bec="0" bev="0" fileid="4" xmlns:p8="xsi" />
            </Method>
          </Methods>
        </Class>
        <Class>
          <Summary numSequencePoints="166" visitedSequencePoints="166" numBranchPoints="40" visitedBranchPoints="37" sequenceCoverage="100" branchCoverage="92.5" maxCyclomaticComplexity="10" minCyclomaticComplexity="1" visitedClasses="1" numClasses="1" visitedMethods="13" numMethods="13" />
          <FullName>XgateSmsChannel.Plugins.OutboundPlugin</FullName>
          <Methods>
            <Method cyclomaticComplexity="6" nPathComplexity="6" sequenceCoverage="100" branchCoverage="83.33" isConstructor="False" isGetter="False" isSetter="False" isStatic="True">
              <Summary numSequencePoints="41" visitedSequencePoints="41" numBranchPoints="6" visitedBranchPoints="5" sequenceCoverage="100" branchCoverage="83.33" maxCyclomaticComplexity="6" minCyclomaticComplexity="6" visitedClasses="0" numClasses="0" visitedMethods="1" numMethods="1" />
              <MetadataToken />
              <Name>System.Void XgateSmsChannel.Plugins.OutboundPlugin::Execute(System.IServiceProvider)</Name>
              <FileRef uid="5" />
              <SequencePoints>
                <SequencePoint vc="11" uspid="40" ordinal="0" sl="40" sc="1" el="40" ec="2" bec="0" bev="0" fileid="5" />
                <SequencePoint vc="11" uspid="41" ordinal="1" sl="41" sc="1" el="41" ec="2" bec="0" bev="0" fileid="5" />
                <SequencePoint vc="11" uspid="42" ordinal="2" sl="42" sc="1" el="42" ec="2" bec="0" bev="0" fileid="5" />
                <SequencePoint vc="11" uspid="43" ordinal="3" sl="43" sc="1" el="43" ec="2" bec="0" bev="0" fileid="5" />
                <SequencePoint vc="11" uspid="45" ordinal="4" sl="45" sc="1" el="45" ec="2" bec="0" bev="0" fileid="5" />
                <SequencePoint vc="11" uspid="46" ordinal="5" sl="46" sc="1" el="46" ec="2" bec="0" bev="0" fileid="5" />
                <SequencePoint vc="11" uspid="48" ordinal="6" sl="48" sc="1" el="48" ec="2" bec="0" bev="0" fileid="5" />
                <SequencePoint vc="11" uspid="50" ordinal="7" sl="50" sc="1" el="50" ec="2" bec="0" bev="0" fileid="5" />
                <SequencePoint vc="11" uspid="51" ordinal="8" sl="51" sc="1" el="51" ec="2" bec="2" bev="2" fileid="5" />
                <SequencePoint vc="11" uspid="52" ordinal="9" sl="52" sc="1" el="52" ec="2" bec="0" bev="0" fileid="5" />
                <SequencePoint vc="11" uspid="53" ordinal="10" sl="53" sc="1" el="53" ec="2" bec="0" bev="0" fileid="5" />
                <SequencePoint vc="11" uspid="56" ordinal="11" sl="56" sc="1" el="56" ec="2" bec="0" bev="0" fileid="5" />
                <SequencePoint vc="11" uspid="57" ordinal="12" sl="57" sc="1" el="57" ec="2" bec="2" bev="1" fileid="5" />
                <SequencePoint vc="11" uspid="58" ordinal="13" sl="58" sc="1" el="58" ec="2" bec="0" bev="0" fileid="5" />
                <SequencePoint vc="11" uspid="60" ordinal="14" sl="60" sc="1" el="60" ec="2" bec="0" bev="0" fileid="5" />
                <SequencePoint vc="11" uspid="62" ordinal="15" sl="62" sc="1" el="62" ec="2" bec="0" bev="0" fileid="5" />
                <SequencePoint vc="11" uspid="63" ordinal="16" sl="63" sc="1" el="63" ec="2" bec="0" bev="0" fileid="5" />
                <SequencePoint vc="9" uspid="65" ordinal="17" sl="65" sc="1" el="65" ec="2" bec="0" bev="0" fileid="5" />
                <SequencePoint vc="9" uspid="66" ordinal="18" sl="66" sc="1" el="66" ec="2" bec="0" bev="0" fileid="5" />
                <SequencePoint vc="9" uspid="67" ordinal="19" sl="67" sc="1" el="67" ec="2" bec="0" bev="0" fileid="5" />
                <SequencePoint vc="9" uspid="69" ordinal="20" sl="69" sc="1" el="69" ec="2" bec="0" bev="0" fileid="5" />
                <SequencePoint vc="9" uspid="70" ordinal="21" sl="70" sc="1" el="70" ec="2" bec="0" bev="0" fileid="5" />
                <SequencePoint vc="8" uspid="72" ordinal="22" sl="72" sc="1" el="72" ec="2" bec="0" bev="0" fileid="5" />
                <SequencePoint vc="6" uspid="73" ordinal="23" sl="73" sc="1" el="73" ec="2" bec="0" bev="0" fileid="5" />
                <SequencePoint vc="6" uspid="74" ordinal="24" sl="74" sc="1" el="74" ec="2" bec="0" bev="0" fileid="5" />
                <SequencePoint vc="5" uspid="75" ordinal="25" sl="75" sc="1" el="75" ec="2" bec="0" bev="0" fileid="5" />
                <SequencePoint vc="5" uspid="76" ordinal="26" sl="76" sc="1" el="76" ec="2" bec="0" bev="0" fileid="5" />
                <SequencePoint vc="5" uspid="78" ordinal="27" sl="78" sc="1" el="78" ec="2" bec="0" bev="0" fileid="5" />
                <SequencePoint vc="5" uspid="79" ordinal="28" sl="79" sc="1" el="79" ec="2" bec="0" bev="0" fileid="5" />
                <SequencePoint vc="5" uspid="80" ordinal="29" sl="80" sc="1" el="80" ec="2" bec="0" bev="0" fileid="5" />
                <SequencePoint vc="5" uspid="81" ordinal="30" sl="81" sc="1" el="81" ec="2" bec="0" bev="0" fileid="5" />
                <SequencePoint vc="11" uspid="83" ordinal="31" sl="83" sc="1" el="83" ec="2" bec="2" bev="2" fileid="5" />
                <SequencePoint vc="11" uspid="84" ordinal="32" sl="84" sc="1" el="84" ec="2" bec="0" bev="0" fileid="5" />
                <SequencePoint vc="11" uspid="85" ordinal="33" sl="85" sc="1" el="85" ec="2" bec="0" bev="0" fileid="5" />
                <SequencePoint vc="11" uspid="86" ordinal="34" sl="86" sc="1" el="86" ec="2" bec="0" bev="0" fileid="5" />
                <SequencePoint vc="11" uspid="87" ordinal="35" sl="87" sc="1" el="87" ec="2" bec="0" bev="0" fileid="5" />
                <SequencePoint vc="11" uspid="88" ordinal="36" sl="88" sc="1" el="88" ec="2" bec="0" bev="0" fileid="5" />
                <SequencePoint vc="11" uspid="89" ordinal="37" sl="89" sc="1" el="89" ec="2" bec="0" bev="0" fileid="5" />
                <SequencePoint vc="11" uspid="90" ordinal="38" sl="90" sc="1" el="90" ec="2" bec="0" bev="0" fileid="5" />
                <SequencePoint vc="11" uspid="92" ordinal="39" sl="92" sc="1" el="92" ec="2" bec="0" bev="0" fileid="5" />
                <SequencePoint vc="11" uspid="93" ordinal="40" sl="93" sc="1" el="93" ec="2" bec="0" bev="0" fileid="5" />
              </SequencePoints>
              <BranchPoints>
                <BranchPoint vc="10" uspid="51" ordinal="0" path="0" offset="93" offsetend="95" sl="51" fileid="5" />
                <BranchPoint vc="1" uspid="51" ordinal="1" path="1" offset="93" offsetend="108" sl="51" fileid="5" />
                <BranchPoint vc="0" uspid="57" ordinal="2" path="0" offset="145" offsetend="147" sl="57" fileid="5" />
                <BranchPoint vc="11" uspid="57" ordinal="3" path="1" offset="145" offsetend="153" sl="57" fileid="5" />
                <BranchPoint vc="6" uspid="83" ordinal="4" path="0" offset="444" offsetend="446" sl="83" fileid="5" />
                <BranchPoint vc="5" uspid="83" ordinal="5" path="1" offset="444" offsetend="449" sl="83" fileid="5" />
              </BranchPoints>
              <MethodPoint vc="41" uspid="0" p8:type="SequencePoint" ordinal="0" offset="0" sc="0" sl="40" ec="1" el="93" bec="0" bev="0" fileid="5" xmlns:p8="xsi" />
            </Method>
            <Method cyclomaticComplexity="4" nPathComplexity="4" sequenceCoverage="100" branchCoverage="100" isConstructor="False" isGetter="False" isSetter="False" isStatic="True">
              <Summary numSequencePoints="18" visitedSequencePoints="18" numBranchPoints="4" visitedBranchPoints="4" sequenceCoverage="100" branchCoverage="100" maxCyclomaticComplexity="4" minCyclomaticComplexity="4" visitedClasses="0" numClasses="0" visitedMethods="1" numMethods="1" />
              <MetadataToken />
              <Name>Microsoft.Xrm.Sdk.Entity XgateSmsChannel.Plugins.OutboundPlugin::ResolveAccountEntity(Microsoft.Xrm.Sdk.IOrganizationService,XgateSmsChannel.Plugins.ChannelContracts.Payload,System.String,Microsoft.Xrm.Sdk.ITracingService)</Name>
              <FileRef uid="5" />
              <SequencePoints>
                <SequencePoint vc="11" uspid="97" ordinal="0" sl="97" sc="1" el="97" ec="2" bec="0" bev="0" fileid="5" />
                <SequencePoint vc="11" uspid="98" ordinal="1" sl="98" sc="1" el="98" ec="2" bec="0" bev="0" fileid="5" />
                <SequencePoint vc="11" uspid="100" ordinal="2" sl="100" sc="1" el="100" ec="2" bec="2" bev="2" fileid="5" />
                <SequencePoint vc="9" uspid="101" ordinal="3" sl="101" sc="1" el="101" ec="2" bec="0" bev="0" fileid="5" />
                <SequencePoint vc="9" uspid="102" ordinal="4" sl="102" sc="1" el="102" ec="2" bec="0" bev="0" fileid="5" />
                <SequencePoint vc="9" uspid="104" ordinal="5" sl="104" sc="1" el="104" ec="2" bec="0" bev="0" fileid="5" />
                <SequencePoint vc="9" uspid="105" ordinal="6" sl="105" sc="1" el="105" ec="2" bec="0" bev="0" fileid="5" />
                <SequencePoint vc="9" uspid="106" ordinal="7" sl="106" sc="1" el="106" ec="2" bec="0" bev="0" fileid="5" />
                <SequencePoint vc="9" uspid="107" ordinal="8" sl="107" sc="1" el="107" ec="2" bec="0" bev="0" fileid="5" />
                <SequencePoint vc="9" uspid="108" ordinal="9" sl="108" sc="1" el="108" ec="2" bec="0" bev="0" fileid="5" />
                <SequencePoint vc="8" uspid="109" ordinal="10" sl="109" sc="1" el="109" ec="2" bec="0" bev="0" fileid="5" />
                <SequencePoint vc="1" uspid="110" ordinal="11" sl="110" sc="1" el="110" ec="2" bec="0" bev="0" fileid="5" />
                <SequencePoint vc="1" uspid="111" ordinal="12" sl="111" sc="1" el="111" ec="2" bec="0" bev="0" fileid="5" />
                <SequencePoint vc="1" uspid="113" ordinal="13" sl="113" sc="1" el="113" ec="2" bec="0" bev="0" fileid="5" />
                <SequencePoint vc="1" uspid="114" ordinal="14" sl="114" sc="1" el="114" ec="2" bec="0" bev="0" fileid="5" />
                <SequencePoint vc="9" uspid="115" ordinal="15" sl="115" sc="1" el="115" ec="2" bec="0" bev="0" fileid="5" />
                <SequencePoint vc="11" uspid="117" ordinal="16" sl="117" sc="1" el="117" ec="2" bec="2" bev="2" fileid="5" />
                <SequencePoint vc="11" uspid="118" ordinal="17" sl="118" sc="1" el="118" ec="2" bec="0" bev="0" fileid="5" />
              </SequencePoints>
              <BranchPoints>
                <BranchPoint vc="9" uspid="100" ordinal="0" path="0" offset="16" offsetend="18" sl="100" fileid="5" />
                <BranchPoint vc="11" uspid="100" ordinal="1" path="1" offset="16" offsetend="140" sl="100" fileid="5" />
                <BranchPoint vc="3" uspid="117" ordinal="2" path="0" offset="142" offsetend="144" sl="117" fileid="5" />
                <BranchPoint vc="11" uspid="117" ordinal="3" path="1" offset="142" offsetend="153" sl="117" fileid="5" />
              </BranchPoints>
              <MethodPoint vc="18" uspid="0" p8:type="SequencePoint" ordinal="1" offset="1" sc="0" sl="97" ec="1" el="118" bec="0" bev="0" fileid="5" xmlns:p8="xsi" />
            </Method>
            <Method cyclomaticComplexity="4" nPathComplexity="4" sequenceCoverage="100" branchCoverage="100" isConstructor="False" isGetter="False" isSetter="False" isStatic="True">
              <Summary numSequencePoints="5" visitedSequencePoints="5" numBranchPoints="4" visitedBranchPoints="4" sequenceCoverage="100" branchCoverage="100" maxCyclomaticComplexity="4" minCyclomaticComplexity="4" visitedClasses="0" numClasses="0" visitedMethods="1" numMethods="1" />
              <MetadataToken />
              <Name>System.Boolean XgateSmsChannel.Plugins.OutboundPlugin::IsConcreteInstanceId(System.String)</Name>
              <FileRef uid="5" />
              <SequencePoints>
                <SequencePoint vc="11" uspid="121" ordinal="0" sl="121" sc="1" el="121" ec="2" bec="0" bev="0" fileid="5" />
                <SequencePoint vc="11" uspid="122" ordinal="1" sl="122" sc="1" el="122" ec="2" bec="4" bev="4" fileid="5" />
                <SequencePoint vc="11" uspid="123" ordinal="2" sl="123" sc="1" el="123" ec="2" bec="0" bev="0" fileid="5" />
                <SequencePoint vc="11" uspid="124" ordinal="3" sl="124" sc="1" el="124" ec="2" bec="0" bev="0" fileid="5" />
                <SequencePoint vc="11" uspid="125" ordinal="4" sl="125" sc="1" el="125" ec="2" bec="0" bev="0" fileid="5" />
              </SequencePoints>
              <BranchPoints>
                <BranchPoint vc="9" uspid="122" ordinal="0" path="0" offset="7" offsetend="9" sl="122" fileid="5" />
                <BranchPoint vc="9" uspid="122" ordinal="2" path="0" offset="34" offsetend="36" sl="122" fileid="5" />
                <BranchPoint vc="2" uspid="122" ordinal="1" path="1" offset="7" offsetend="64" sl="122" fileid="5" />
                <BranchPoint vc="2" uspid="122" ordinal="3" path="1" offset="34" offsetend="64" sl="122" fileid="5" />
              </BranchPoints>
              <MethodPoint vc="5" uspid="0" p8:type="SequencePoint" ordinal="2" offset="2" sc="0" sl="121" ec="1" el="125" bec="0" bev="0" fileid="5" xmlns:p8="xsi" />
            </Method>
            <Method cyclomaticComplexity="2" nPathComplexity="2" sequenceCoverage="100" branchCoverage="100" isConstructor="False" isGetter="False" isSetter="False" isStatic="True">
              <Summary numSequencePoints="27" visitedSequencePoints="27" numBranchPoints="2" visitedBranchPoints="2" sequenceCoverage="100" branchCoverage="100" maxCyclomaticComplexity="2" minCyclomaticComplexity="2" visitedClasses="0" numClasses="0" visitedMethods="1" numMethods="1" />
              <MetadataToken />
              <Name>Microsoft.Xrm.Sdk.Entity XgateSmsChannel.Plugins.OutboundPlugin::QueryAccountByContactPoint(Microsoft.Xrm.Sdk.IOrganizationService,System.String,Microsoft.Xrm.Sdk.ITracingService)</Name>
              <FileRef uid="5" />
              <SequencePoints>
                <SequencePoint vc="3" uspid="129" ordinal="0" sl="129" sc="1" el="129" ec="2" bec="0" bev="0" fileid="5" />
                <SequencePoint vc="3" uspid="130" ordinal="1" sl="130" sc="1" el="130" ec="2" bec="0" bev="0" fileid="5" />
                <SequencePoint vc="3" uspid="132" ordinal="2" sl="132" sc="1" el="132" ec="2" bec="0" bev="0" fileid="5" />
                <SequencePoint vc="3" uspid="133" ordinal="3" sl="133" sc="1" el="133" ec="2" bec="0" bev="0" fileid="5" />
                <SequencePoint vc="3" uspid="134" ordinal="4" sl="134" sc="1" el="134" ec="2" bec="0" bev="0" fileid="5" />
                <SequencePoint vc="3" uspid="135" ordinal="5" sl="135" sc="1" el="135" ec="2" bec="0" bev="0" fileid="5" />
                <SequencePoint vc="3" uspid="136" ordinal="6" sl="136" sc="1" el="136" ec="2" bec="0" bev="0" fileid="5" />
                <SequencePoint vc="3" uspid="137" ordinal="7" sl="137" sc="1" el="137" ec="2" bec="0" bev="0" fileid="5" />
                <SequencePoint vc="3" uspid="139" ordinal="8" sl="139" sc="1" el="139" ec="2" bec="0" bev="0" fileid="5" />
                <SequencePoint vc="3" uspid="140" ordinal="9" sl="140" sc="1" el="140" ec="2" bec="0" bev="0" fileid="5" />
                <SequencePoint vc="3" uspid="141" ordinal="10" sl="141" sc="1" el="141" ec="2" bec="0" bev="0" fileid="5" />
                <SequencePoint vc="3" uspid="142" ordinal="11" sl="142" sc="1" el="142" ec="2" bec="0" bev="0" fileid="5" />
                <SequencePoint vc="3" uspid="143" ordinal="12" sl="143" sc="1" el="143" ec="2" bec="0" bev="0" fileid="5" />
                <SequencePoint vc="3" uspid="145" ordinal="13" sl="145" sc="1" el="145" ec="2" bec="0" bev="0" fileid="5" />
                <SequencePoint vc="3" uspid="146" ordinal="14" sl="146" sc="1" el="146" ec="2" bec="0" bev="0" fileid="5" />
                <SequencePoint vc="3" uspid="147" ordinal="15" sl="147" sc="1" el="147" ec="2" bec="0" bev="0" fileid="5" />
                <SequencePoint vc="3" uspid="148" ordinal="16" sl="148" sc="1" el="148" ec="2" bec="0" bev="0" fileid="5" />
                <SequencePoint vc="3" uspid="149" ordinal="17" sl="149" sc="1" el="149" ec="2" bec="0" bev="0" fileid="5" />
                <SequencePoint vc="3" uspid="151" ordinal="18" sl="151" sc="1" el="151" ec="2" bec="0" bev="0" fileid="5" />
                <SequencePoint vc="3" uspid="153" ordinal="19" sl="153" sc="1" el="153" ec="2" bec="0" bev="0" fileid="5" />
                <SequencePoint vc="3" uspid="154" ordinal="20" sl="154" sc="1" el="154" ec="2" bec="2" bev="2" fileid="5" />
                <SequencePoint vc="2" uspid="155" ordinal="21" sl="155" sc="1" el="155" ec="2" bec="0" bev="0" fileid="5" />
                <SequencePoint vc="2" uspid="156" ordinal="22" sl="156" sc="1" el="156" ec="2" bec="0" bev="0" fileid="5" />
                <SequencePoint vc="2" uspid="157" ordinal="23" sl="157" sc="1" el="157" ec="2" bec="0" bev="0" fileid="5" />
                <SequencePoint vc="2" uspid="158" ordinal="24" sl="158" sc="1" el="158" ec="2" bec="0" bev="0" fileid="5" />
                <SequencePoint vc="1" uspid="161" ordinal="25" sl="161" sc="1" el="161" ec="2" bec="0" bev="0" fileid="5" />
                <SequencePoint vc="3" uspid="162" ordinal="26" sl="162" sc="1" el="162" ec="2" bec="0" bev="0" fileid="5" />
              </SequencePoints>
              <BranchPoints>
                <BranchPoint vc="2" uspid="154" ordinal="0" path="0" offset="237" offsetend="239" sl="154" fileid="5" />
                <BranchPoint vc="1" uspid="154" ordinal="1" path="1" offset="237" offsetend="318" sl="154" fileid="5" />
              </BranchPoints>
              <MethodPoint vc="27" uspid="0" p8:type="SequencePoint" ordinal="3" offset="3" sc="0" sl="129" ec="1" el="162" bec="0" bev="0" fileid="5" xmlns:p8="xsi" />
            </Method>
            <Method cyclomaticComplexity="6" nPathComplexity="6" sequenceCoverage="100" branchCoverage="83.33" isConstructor="False" isGetter="False" isSetter="False" isStatic="True">
              <Summary numSequencePoints="9" visitedSequencePoints="9" numBranchPoints="6" visitedBranchPoints="5" sequenceCoverage="100" branchCoverage="83.33" maxCyclomaticComplexity="6" minCyclomaticComplexity="6" visitedClasses="0" numClasses="0" visitedMethods="1" numMethods="1" />
              <MetadataToken />
              <Name>System.Void XgateSmsChannel.Plugins.OutboundPlugin::ValidateAccount(Microsoft.Xrm.Sdk.Entity,System.String)</Name>
              <FileRef uid="5" />
              <SequencePoints>
                <SequencePoint vc="11" uspid="165" ordinal="0" sl="165" sc="1" el="165" ec="2" bec="0" bev="0" fileid="5" />
                <SequencePoint vc="11" uspid="166" ordinal="1" sl="166" sc="1" el="166" ec="2" bec="2" bev="2" fileid="5" />
                <SequencePoint vc="1" uspid="167" ordinal="2" sl="167" sc="1" el="167" ec="2" bec="0" bev="0" fileid="5" />
                <SequencePoint vc="1" uspid="168" ordinal="3" sl="168" sc="1" el="168" ec="2" bec="0" bev="0" fileid="5" />
                <SequencePoint vc="10" uspid="171" ordinal="4" sl="171" sc="1" el="171" ec="2" bec="0" bev="0" fileid="5" />
                <SequencePoint vc="10" uspid="172" ordinal="5" sl="172" sc="1" el="172" ec="2" bec="4" bev="3" fileid="5" />
                <SequencePoint vc="1" uspid="173" ordinal="6" sl="173" sc="1" el="173" ec="2" bec="0" bev="0" fileid="5" />
                <SequencePoint vc="1" uspid="174" ordinal="7" sl="174" sc="1" el="174" ec="2" bec="0" bev="0" fileid="5" />
                <SequencePoint vc="9" uspid="176" ordinal="8" sl="176" sc="1" el="176" ec="2" bec="0" bev="0" fileid="5" />
              </SequencePoints>
              <BranchPoints>
                <BranchPoint vc="1" uspid="166" ordinal="0" path="0" offset="7" offsetend="9" sl="166" fileid="5" />
                <BranchPoint vc="10" uspid="166" ordinal="1" path="1" offset="7" offsetend="32" sl="166" fileid="5" />
                <BranchPoint vc="10" uspid="172" ordinal="2" path="0" offset="45" offsetend="47" sl="172" fileid="5" />
                <BranchPoint vc="0" uspid="172" ordinal="3" path="1" offset="45" offsetend="58" sl="172" fileid="5" />
                <BranchPoint vc="1" uspid="172" ordinal="4" path="0" offset="61" offsetend="63" sl="172" fileid="5" />
                <BranchPoint vc="9" uspid="172" ordinal="5" path="1" offset="61" offsetend="75" sl="172" fileid="5" />
              </BranchPoints>
              <MethodPoint vc="9" uspid="0" p8:type="SequencePoint" ordinal="4" offset="4" sc="0" sl="165" ec="1" el="176" bec="0" bev="0" fileid="5" xmlns:p8="xsi" />
            </Method>
            <Method cyclomaticComplexity="2" nPathComplexity="2" sequenceCoverage="100" branchCoverage="100" isConstructor="False" isGetter="False" isSetter="False" isStatic="True">
              <Summary numSequencePoints="8" visitedSequencePoints="8" numBranchPoints="2" visitedBranchPoints="2" sequenceCoverage="100" branchCoverage="100" maxCyclomaticComplexity="2" minCyclomaticComplexity="2" visitedClasses="0" numClasses="0" visitedMethods="1" numMethods="1" />
              <MetadataToken />
              <Name>System.String XgateSmsChannel.Plugins.OutboundPlugin::ResolveBaseUrl(Microsoft.Xrm.Sdk.Entity)</Name>
              <FileRef uid="5" />
              <SequencePoints>
                <SequencePoint vc="9" uspid="179" ordinal="0" sl="179" sc="1" el="179" ec="2" bec="0" bev="0" fileid="5" />
                <SequencePoint vc="9" uspid="180" ordinal="1" sl="180" sc="1" el="180" ec="2" bec="0" bev="0" fileid="5" />
                <SequencePoint vc="9" uspid="181" ordinal="2" sl="181" sc="1" el="181" ec="2" bec="2" bev="2" fileid="5" />
                <SequencePoint vc="1" uspid="182" ordinal="3" sl="182" sc="1" el="182" ec="2" bec="0" bev="0" fileid="5" />
                <SequencePoint vc="1" uspid="183" ordinal="4" sl="183" sc="1" el="183" ec="2" bec="0" bev="0" fileid="5" />
                <SequencePoint vc="1" uspid="184" ordinal="5" sl="184" sc="1" el="184" ec="2" bec="0" bev="0" fileid="5" />
                <SequencePoint vc="9" uspid="186" ordinal="6" sl="186" sc="1" el="186" ec="2" bec="0" bev="0" fileid="5" />
                <SequencePoint vc="9" uspid="187" ordinal="7" sl="187" sc="1" el="187" ec="2" bec="0" bev="0" fileid="5" />
              </SequencePoints>
              <BranchPoints>
                <BranchPoint vc="1" uspid="181" ordinal="0" path="0" offset="21" offsetend="23" sl="181" fileid="5" />
                <BranchPoint vc="9" uspid="181" ordinal="1" path="1" offset="21" offsetend="31" sl="181" fileid="5" />
              </BranchPoints>
              <MethodPoint vc="8" uspid="0" p8:type="SequencePoint" ordinal="5" offset="5" sc="0" sl="179" ec="1" el="187" bec="0" bev="0" fileid="5" xmlns:p8="xsi" />
            </Method>
            <Method cyclomaticComplexity="1" nPathComplexity="1" sequenceCoverage="100" branchCoverage="100" isConstructor="False" isGetter="False" isSetter="False" isStatic="True">
              <Summary numSequencePoints="5" visitedSequencePoints="5" numBranchPoints="0" visitedBranchPoints="0" sequenceCoverage="100" branchCoverage="100" maxCyclomaticComplexity="1" minCyclomaticComplexity="1" visitedClasses="0" numClasses="0" visitedMethods="1" numMethods="1" />
              <MetadataToken />
              <Name>System.String XgateSmsChannel.Plugins.OutboundPlugin::BuildExternalId(System.Guid,System.String)</Name>
              <FileRef uid="5" />
              <SequencePoints>
                <SequencePoint vc="9" uspid="191" ordinal="0" sl="191" sc="1" el="191" ec="2" bec="0" bev="0" fileid="5" />
                <SequencePoint vc="9" uspid="192" ordinal="1" sl="192" sc="1" el="192" ec="2" bec="0" bev="0" fileid="5" />
                <SequencePoint vc="9" uspid="193" ordinal="2" sl="193" sc="1" el="193" ec="2" bec="0" bev="0" fileid="5" />
                <SequencePoint vc="9" uspid="194" ordinal="3" sl="194" sc="1" el="194" ec="2" bec="0" bev="0" fileid="5" />
                <SequencePoint vc="9" uspid="195" ordinal="4" sl="195" sc="1" el="195" ec="2" bec="0" bev="0" fileid="5" />
              </SequencePoints>
              <BranchPoints />
              <MethodPoint vc="5" uspid="0" p8:type="SequencePoint" ordinal="6" offset="6" sc="0" sl="191" ec="1" el="195" bec="0" bev="0" fileid="5" xmlns:p8="xsi" />
            </Method>
            <Method cyclomaticComplexity="2" nPathComplexity="2" sequenceCoverage="100" branchCoverage="100" isConstructor="False" isGetter="False" isSetter="False" isStatic="True">
              <Summary numSequencePoints="11" visitedSequencePoints="11" numBranchPoints="2" visitedBranchPoints="2" sequenceCoverage="100" branchCoverage="100" maxCyclomaticComplexity="2" minCyclomaticComplexity="2" visitedClasses="0" numClasses="0" visitedMethods="1" numMethods="1" />
              <MetadataToken />
              <Name>System.String XgateSmsChannel.Plugins.OutboundPlugin::AcquireToken(System.String,System.String,System.String)</Name>
              <FileRef uid="5" />
              <SequencePoints>
                <SequencePoint vc="9" uspid="198" ordinal="0" sl="198" sc="1" el="198" ec="2" bec="0" bev="0" fileid="5" />
                <SequencePoint vc="9" uspid="199" ordinal="1" sl="199" sc="1" el="199" ec="2" bec="0" bev="0" fileid="5" />
                <SequencePoint vc="9" uspid="200" ordinal="2" sl="200" sc="1" el="200" ec="2" bec="0" bev="0" fileid="5" />
                <SequencePoint vc="9" uspid="201" ordinal="3" sl="201" sc="1" el="201" ec="2" bec="0" bev="0" fileid="5" />
                <SequencePoint vc="9" uspid="202" ordinal="4" sl="202" sc="1" el="202" ec="2" bec="0" bev="0" fileid="5" />
                <SequencePoint vc="9" uspid="204" ordinal="5" sl="204" sc="1" el="204" ec="2" bec="0" bev="0" fileid="5" />
                <SequencePoint vc="9" uspid="205" ordinal="6" sl="205" sc="1" el="205" ec="2" bec="2" bev="2" fileid="5" />
                <SequencePoint vc="1" uspid="206" ordinal="7" sl="206" sc="1" el="206" ec="2" bec="0" bev="0" fileid="5" />
                <SequencePoint vc="1" uspid="207" ordinal="8" sl="207" sc="1" el="207" ec="2" bec="0" bev="0" fileid="5" />
                <SequencePoint vc="8" uspid="210" ordinal="9" sl="210" sc="1" el="210" ec="2" bec="0" bev="0" fileid="5" />
                <SequencePoint vc="8" uspid="211" ordinal="10" sl="211" sc="1" el="211" ec="2" bec="0" bev="0" fileid="5" />
              </SequencePoints>
              <BranchPoints>
                <BranchPoint vc="1" uspid="205" ordinal="0" path="0" offset="120" offsetend="122" sl="205" fileid="5" />
                <BranchPoint vc="8" uspid="205" ordinal="1" path="1" offset="120" offsetend="151" sl="205" fileid="5" />
              </BranchPoints>
              <MethodPoint vc="11" uspid="0" p8:type="SequencePoint" ordinal="7" offset="7" sc="0" sl="198" ec="1" el="211" bec="0" bev="0" fileid="5" xmlns:p8="xsi" />
            </Method>
            <Method cyclomaticComplexity="10" nPathComplexity="10" sequenceCoverage="100" branchCoverage="100" isConstructor="False" isGetter="False" isSetter="False" isStatic="True">
              <Summary numSequencePoints="28" visitedSequencePoints="28" numBranchPoints="10" visitedBranchPoints="10" sequenceCoverage="100" branchCoverage="100" maxCyclomaticComplexity="10" minCyclomaticComplexity="10" visitedClasses="0" numClasses="0" visitedMethods="1" numMethods="1" />
              <MetadataToken />
              <Name>System.String XgateSmsChannel.Plugins.OutboundPlugin::SendSms(System.String,System.String,XgateSmsChannel.Plugins.ChannelContracts.Payload,System.String,Microsoft.Xrm.Sdk.ITracingService)</Name>
              <FileRef uid="5" />
              <SequencePoints>
                <SequencePoint vc="8" uspid="214" ordinal="0" sl="214" sc="1" el="214" ec="2" bec="0" bev="0" fileid="5" />
                <SequencePoint vc="8" uspid="215" ordinal="1" sl="215" sc="1" el="215" ec="2" bec="0" bev="0" fileid="5" />
                <SequencePoint vc="8" uspid="216" ordinal="2" sl="216" sc="1" el="216" ec="2" bec="0" bev="0" fileid="5" />
                <SequencePoint vc="8" uspid="217" ordinal="3" sl="217" sc="1" el="217" ec="2" bec="0" bev="0" fileid="5" />
                <SequencePoint vc="8" uspid="218" ordinal="4" sl="218" sc="1" el="218" ec="2" bec="0" bev="0" fileid="5" />
                <SequencePoint vc="8" uspid="219" ordinal="5" sl="219" sc="1" el="219" ec="2" bec="0" bev="0" fileid="5" />
                <SequencePoint vc="8" uspid="220" ordinal="6" sl="220" sc="1" el="220" ec="2" bec="0" bev="0" fileid="5" />
                <SequencePoint vc="8" uspid="221" ordinal="7" sl="221" sc="1" el="221" ec="2" bec="0" bev="0" fileid="5" />
                <SequencePoint vc="8" uspid="222" ordinal="8" sl="222" sc="1" el="222" ec="2" bec="0" bev="0" fileid="5" />
                <SequencePoint vc="8" uspid="224" ordinal="9" sl="224" sc="1" el="224" ec="2" bec="0" bev="0" fileid="5" />
                <SequencePoint vc="8" uspid="225" ordinal="10" sl="225" sc="1" el="225" ec="2" bec="0" bev="0" fileid="5" />
                <SequencePoint vc="8" uspid="226" ordinal="11" sl="226" sc="1" el="226" ec="2" bec="0" bev="0" fileid="5" />
                <SequencePoint vc="8" uspid="227" ordinal="12" sl="227" sc="1" el="227" ec="2" bec="0" bev="0" fileid="5" />
                <SequencePoint vc="8" uspid="228" ordinal="13" sl="228" sc="1" el="228" ec="2" bec="0" bev="0" fileid="5" />
                <SequencePoint vc="8" uspid="230" ordinal="14" sl="230" sc="1" el="230" ec="2" bec="0" bev="0" fileid="5" />
                <SequencePoint vc="8" uspid="231" ordinal="15" sl="231" sc="1" el="231" ec="2" bec="0" bev="0" fileid="5" />
                <SequencePoint vc="8" uspid="234" ordinal="16" sl="234" sc="1" el="234" ec="2" bec="2" bev="2" fileid="5" />
                <SequencePoint vc="1" uspid="235" ordinal="17" sl="235" sc="1" el="235" ec="2" bec="0" bev="0" fileid="5" />
                <SequencePoint vc="1" uspid="236" ordinal="18" sl="236" sc="1" el="236" ec="2" bec="0" bev="0" fileid="5" />
                <SequencePoint vc="7" uspid="239" ordinal="19" sl="239" sc="1" el="239" ec="2" bec="0" bev="0" fileid="5" />
                <SequencePoint vc="7" uspid="242" ordinal="20" sl="242" sc="1" el="242" ec="2" bec="8" bev="8" fileid="5" />
                <SequencePoint vc="7" uspid="243" ordinal="21" sl="243" sc="1" el="243" ec="2" bec="0" bev="0" fileid="5" />
                <SequencePoint vc="6" uspid="244" ordinal="22" sl="244" sc="1" el="244" ec="2" bec="0" bev="0" fileid="5" />
                <SequencePoint vc="6" uspid="245" ordinal="23" sl="245" sc="1" el="245" ec="2" bec="0" bev="0" fileid="5" />
                <SequencePoint vc="6" uspid="246" ordinal="24" sl="246" sc="1" el="246" ec="2" bec="0" bev="0" fileid="5" />
                <SequencePoint vc="6" uspid="247" ordinal="25" sl="247" sc="1" el="247" ec="2" bec="0" bev="0" fileid="5" />
                <SequencePoint vc="1" uspid="250" ordinal="26" sl="250" sc="1" el="250" ec="2" bec="0" bev="0" fileid="5" />
                <SequencePoint vc="6" uspid="251" ordinal="27" sl="251" sc="1" el="251" ec="2" bec="0" bev="0" fileid="5" />
              </SequencePoints>
              <BranchPoints>
                <BranchPoint vc="1" uspid="234" ordinal="0" path="0" offset="206" offsetend="208" sl="234" fileid="5" />
                <BranchPoint vc="7" uspid="234" ordinal="1" path="1" offset="206" offsetend="237" sl="234" fileid="5" />
                <BranchPoint vc="7" uspid="242" ordinal="2" path="0" offset="253" offsetend="255" sl="242" fileid="5" />
                <BranchPoint vc="6" uspid="242" ordinal="4" path="0" offset="268" offsetend="270" sl="242" fileid="5" />
                <BranchPoint vc="6" uspid="242" ordinal="6" path="0" offset="277" offsetend="279" sl="242" fileid="5" />
                <BranchPoint vc="1" uspid="242" ordinal="3" path="1" offset="253" offsetend="296" sl="242" fileid="5" />
                <BranchPoint vc="1" uspid="242" ordinal="5" path="1" offset="268" offsetend="296" sl="242" fileid="5" />
                <BranchPoint vc="1" uspid="242" ordinal="7" path="1" offset="277" offsetend="296" sl="242" fileid="5" />
                <BranchPoint vc="6" uspid="242" ordinal="8" path="0" offset="301" offsetend="303" sl="242" fileid="5" />
                <BranchPoint vc="1" uspid="242" ordinal="9" path="1" offset="301" offsetend="355" sl="242" fileid="5" />
              </BranchPoints>
              <MethodPoint vc="28" uspid="0" p8:type="SequencePoint" ordinal="8" offset="8" sc="0" sl="214" ec="1" el="251" bec="0" bev="0" fileid="5" xmlns:p8="xsi" />
            </Method>
            <Method cyclomaticComplexity="4" nPathComplexity="4" sequenceCoverage="100" branchCoverage="75" isConstructor="False" isGetter="False" isSetter="False" isStatic="True">
              <Summary numSequencePoints="5" visitedSequencePoints="5" numBranchPoints="4" visitedBranchPoints="3" sequenceCoverage="100" branchCoverage="75" maxCyclomaticComplexity="4" minCyclomaticComplexity="4" visitedClasses="0" numClasses="0" visitedMethods="1" numMethods="1" />
              <MetadataToken />
              <Name>System.String XgateSmsChannel.Plugins.OutboundPlugin::ResolveMessageBody(XgateSmsChannel.Plugins.ChannelContracts.Payload)</Name>
              <FileRef uid="5" />
              <SequencePoints>
                <SequencePoint vc="8" uspid="254" ordinal="0" sl="254" sc="1" el="254" ec="2" bec="0" bev="0" fileid="5" />
                <SequencePoint vc="8" uspid="255" ordinal="1" sl="255" sc="1" el="255" ec="2" bec="4" bev="3" fileid="5" />
                <SequencePoint vc="8" uspid="256" ordinal="2" sl="256" sc="1" el="256" ec="2" bec="0" bev="0" fileid="5" />
                <SequencePoint vc="8" uspid="257" ordinal="3" sl="257" sc="1" el="257" ec="2" bec="0" bev="0" fileid="5" />
                <SequencePoint vc="8" uspid="258" ordinal="4" sl="258" sc="1" el="258" ec="2" bec="0" bev="0" fileid="5" />
              </SequencePoints>
              <BranchPoints>
                <BranchPoint vc="1" uspid="255" ordinal="0" path="0" offset="17" offsetend="19" sl="255" fileid="5" />
                <BranchPoint vc="0" uspid="255" ordinal="2" path="0" offset="36" offsetend="38" sl="255" fileid="5" />
                <BranchPoint vc="7" uspid="255" ordinal="1" path="1" offset="17" offsetend="46" sl="255" fileid="5" />
                <BranchPoint vc="8" uspid="255" ordinal="3" path="1" offset="36" offsetend="62" sl="255" fileid="5" />
              </BranchPoints>
              <MethodPoint vc="5" uspid="0" p8:type="SequencePoint" ordinal="9" offset="9" sc="0" sl="254" ec="1" el="258" bec="0" bev="0" fileid="5" xmlns:p8="xsi" />
            </Method>
            <Method cyclomaticComplexity="1" nPathComplexity="1" sequenceCoverage="100" branchCoverage="100" isConstructor="True" isGetter="False" isSetter="False" isStatic="True">
              <Summary numSequencePoints="4" visitedSequencePoints="4" numBranchPoints="0" visitedBranchPoints="0" sequenceCoverage="100" branchCoverage="100" maxCyclomaticComplexity="1" minCyclomaticComplexity="1" visitedClasses="0" numClasses="0" visitedMethods="1" numMethods="1" />
              <MetadataToken />
              <Name>System.Void XgateSmsChannel.Plugins.OutboundPlugin::.ctor()</Name>
              <FileRef uid="5" />
              <SequencePoints>
                <SequencePoint vc="1" uspid="28" ordinal="0" sl="28" sc="1" el="28" ec="2" bec="0" bev="0" fileid="5" />
                <SequencePoint vc="1" uspid="29" ordinal="1" sl="29" sc="1" el="29" ec="2" bec="0" bev="0" fileid="5" />
                <SequencePoint vc="1" uspid="30" ordinal="2" sl="30" sc="1" el="30" ec="2" bec="0" bev="0" fileid="5" />
                <SequencePoint vc="1" uspid="31" ordinal="3" sl="31" sc="1" el="31" ec="2" bec="0" bev="0" fileid="5" />
              </SequencePoints>
              <BranchPoints />
              <MethodPoint vc="4" uspid="0" p8:type="SequencePoint" ordinal="10" offset="10" sc="0" sl="28" ec="1" el="31" bec="0" bev="0" fileid="5" xmlns:p8="xsi" />
            </Method>
            <Method cyclomaticComplexity="1" nPathComplexity="1" sequenceCoverage="100" branchCoverage="100" isConstructor="True" isGetter="False" isSetter="False" isStatic="True">
              <Summary numSequencePoints="4" visitedSequencePoints="4" numBranchPoints="0" visitedBranchPoints="0" sequenceCoverage="100" branchCoverage="100" maxCyclomaticComplexity="1" minCyclomaticComplexity="1" visitedClasses="0" numClasses="0" visitedMethods="1" numMethods="1" />
              <MetadataToken />
              <Name>System.Void XgateSmsChannel.Plugins.OutboundPlugin::.ctor(System.Net.Http.HttpMessageHandler)</Name>
              <FileRef uid="5" />
              <SequencePoints>
                <SequencePoint vc="11" uspid="34" ordinal="0" sl="34" sc="1" el="34" ec="2" bec="0" bev="0" fileid="5" />
                <SequencePoint vc="11" uspid="35" ordinal="1" sl="35" sc="1" el="35" ec="2" bec="0" bev="0" fileid="5" />
                <SequencePoint vc="11" uspid="36" ordinal="2" sl="36" sc="1" el="36" ec="2" bec="0" bev="0" fileid="5" />
                <SequencePoint vc="11" uspid="37" ordinal="3" sl="37" sc="1" el="37" ec="2" bec="0" bev="0" fileid="5" />
              </SequencePoints>
              <BranchPoints />
              <MethodPoint vc="4" uspid="0" p8:type="SequencePoint" ordinal="11" offset="11" sc="0" sl="34" ec="1" el="37" bec="0" bev="0" fileid="5" xmlns:p8="xsi" />
            </Method>
            <Method cyclomaticComplexity="1" nPathComplexity="1" sequenceCoverage="100" branchCoverage="100" isConstructor="True" isGetter="False" isSetter="False" isStatic="True">
              <Summary numSequencePoints="1" visitedSequencePoints="1" numBranchPoints="0" visitedBranchPoints="0" sequenceCoverage="100" branchCoverage="100" maxCyclomaticComplexity="1" minCyclomaticComplexity="1" visitedClasses="0" numClasses="0" visitedMethods="1" numMethods="1" />
              <MetadataToken />
              <Name>System.Void XgateSmsChannel.Plugins.OutboundPlugin::.cctor()</Name>
              <FileRef uid="5" />
              <SequencePoints>
                <SequencePoint vc="1" uspid="24" ordinal="0" sl="24" sc="1" el="24" ec="2" bec="0" bev="0" fileid="5" />
              </SequencePoints>
              <BranchPoints />
              <MethodPoint vc="1" uspid="0" p8:type="SequencePoint" ordinal="12" offset="12" sc="0" sl="24" ec="1" el="24" bec="0" bev="0" fileid="5" xmlns:p8="xsi" />
            </Method>
          </Methods>
        </Class>
        <Class>
          <Summary numSequencePoints="4" visitedSequencePoints="0" numBranchPoints="0" visitedBranchPoints="0" sequenceCoverage="0" branchCoverage="100" maxCyclomaticComplexity="1" minCyclomaticComplexity="1" visitedClasses="0" numClasses="1" visitedMethods="0" numMethods="4" />
          <FullName>XgateSmsChannel.Plugins.ProviderDeliveryReport</FullName>
          <Methods>
            <Method cyclomaticComplexity="1" nPathComplexity="1" sequenceCoverage="0" branchCoverage="100" isConstructor="False" isGetter="True" isSetter="False" isStatic="True">
              <Summary numSequencePoints="1" visitedSequencePoints="0" numBranchPoints="0" visitedBranchPoints="0" sequenceCoverage="0" branchCoverage="100" maxCyclomaticComplexity="1" minCyclomaticComplexity="1" visitedClasses="0" numClasses="0" visitedMethods="0" numMethods="1" />
              <MetadataToken />
              <Name>System.String XgateSmsChannel.Plugins.ProviderDeliveryReport::get_MessageSid()</Name>
              <FileRef uid="6" />
              <SequencePoints>
                <SequencePoint vc="0" uspid="9" ordinal="0" sl="9" sc="1" el="9" ec="2" bec="0" bev="0" fileid="6" />
              </SequencePoints>
              <BranchPoints />
              <MethodPoint vc="0" uspid="0" p8:type="SequencePoint" ordinal="0" offset="0" sc="0" sl="9" ec="1" el="9" bec="0" bev="0" fileid="6" xmlns:p8="xsi" />
            </Method>
            <Method cyclomaticComplexity="1" nPathComplexity="1" sequenceCoverage="0" branchCoverage="100" isConstructor="False" isGetter="True" isSetter="False" isStatic="True">
              <Summary numSequencePoints="1" visitedSequencePoints="0" numBranchPoints="0" visitedBranchPoints="0" sequenceCoverage="0" branchCoverage="100" maxCyclomaticComplexity="1" minCyclomaticComplexity="1" visitedClasses="0" numClasses="0" visitedMethods="0" numMethods="1" />
              <MetadataToken />
              <Name>System.String XgateSmsChannel.Plugins.ProviderDeliveryReport::get_From()</Name>
              <FileRef uid="6" />
              <SequencePoints>
                <SequencePoint vc="0" uspid="12" ordinal="0" sl="12" sc="1" el="12" ec="2" bec="0" bev="0" fileid="6" />
              </SequencePoints>
              <BranchPoints />
              <MethodPoint vc="0" uspid="0" p8:type="SequencePoint" ordinal="1" offset="1" sc="0" sl="12" ec="1" el="12" bec="0" bev="0" fileid="6" xmlns:p8="xsi" />
            </Method>
            <Method cyclomaticComplexity="1" nPathComplexity="1" sequenceCoverage="0" branchCoverage="100" isConstructor="False" isGetter="True" isSetter="False" isStatic="True">
              <Summary numSequencePoints="1" visitedSequencePoints="0" numBranchPoints="0" visitedBranchPoints="0" sequenceCoverage="0" branchCoverage="100" maxCyclomaticComplexity="1" minCyclomaticComplexity="1" visitedClasses="0" numClasses="0" visitedMethods="0" numMethods="1" />
              <MetadataToken />
              <Name>System.String XgateSmsChannel.Plugins.ProviderDeliveryReport::get_MessageStatus()</Name>
              <FileRef uid="6" />
              <SequencePoints>
[...]
              <MetadataToken />
              <Name>System.Collections.Generic.List`1&lt;XgateSmsChannel.Plugins.XgateContracts.SmsRecipient&gt; XgateSmsChannel.Plugins.XgateContracts.SmsRequest::get_ToList()</Name>
              <FileRef uid="11" />
              <SequencePoints>
                <SequencePoint vc="27" uspid="13" ordinal="0" sl="13" sc="1" el="13" ec="2" bec="0" bev="0" fileid="11" />
              </SequencePoints>
              <BranchPoints />
              <MethodPoint vc="1" uspid="0" p8:type="SequencePoint" ordinal="1" offset="1" sc="0" sl="13" ec="1" el="13" bec="0" bev="0" fileid="11" xmlns:p8="xsi" />
            </Method>
          </Methods>
        </Class>
        <Class>
          <Summary numSequencePoints="2" visitedSequencePoints="2" numBranchPoints="0" visitedBranchPoints="0" sequenceCoverage="100" branchCoverage="100" maxCyclomaticComplexity="1" minCyclomaticComplexity="1" visitedClasses="1" numClasses="1" visitedMethods="2" numMethods="2" />
          <FullName>XgateSmsChannel.Plugins.XgateContracts.SmsResponse</FullName>
          <Methods>
            <Method cyclomaticComplexity="1" nPathComplexity="1" sequenceCoverage="100" branchCoverage="100" isConstructor="False" isGetter="True" isSetter="False" isStatic="True">
              <Summary numSequencePoints="1" visitedSequencePoints="1" numBranchPoints="0" visitedBranchPoints="0" sequenceCoverage="100" branchCoverage="100" maxCyclomaticComplexity="1" minCyclomaticComplexity="1" visitedClasses="0" numClasses="0" visitedMethods="1" numMethods="1" />
              <MetadataToken />
              <Name>XgateSmsChannel.Plugins.XgateContracts.SmsCountOfStatus XgateSmsChannel.Plugins.XgateContracts.SmsResponse::get_CountOfStatus()</Name>
              <FileRef uid="12" />
              <SequencePoints>
                <SequencePoint vc="21" uspid="10" ordinal="0" sl="10" sc="1" el="10" ec="2" bec="0" bev="0" fileid="12" />
              </SequencePoints>
              <BranchPoints />
              <MethodPoint vc="1" uspid="0" p8:type="SequencePoint" ordinal="0" offset="0" sc="0" sl="10" ec="1" el="10" bec="0" bev="0" fileid="12" xmlns:p8="xsi" />
            </Method>
            <Method cyclomaticComplexity="1" nPathComplexity="1" sequenceCoverage="100" branchCoverage="100" isConstructor="False" isGetter="True" isSetter="False" isStatic="True">
              <Summary numSequencePoints="1" visitedSequencePoints="1" numBranchPoints="0" visitedBranchPoints="0" sequenceCoverage="100" branchCoverage="100" maxCyclomaticComplexity="1" minCyclomaticComplexity="1" visitedClasses="0" numClasses="0" visitedMethods="1" numMethods="1" />
              <MetadataToken />
              <Name>System.Collections.Generic.List`1&lt;XgateSmsChannel.Plugins.XgateContracts.SmsReceiveInfo&gt; XgateSmsChannel.Plugins.XgateContracts.SmsResponse::get_ReceiveInfo()</Name>
              <FileRef uid="12" />
              <SequencePoints>
                <SequencePoint vc="25" uspid="13" ordinal="0" sl="13" sc="1" el="13" ec="2" bec="0" bev="0" fileid="12" />
              </SequencePoints>
              <BranchPoints />
              <MethodPoint vc="1" uspid="0" p8:type="SequencePoint" ordinal="1" offset="1" sc="0" sl="13" ec="1" el="13" bec="0" bev="0" fileid="12" xmlns:p8="xsi" />
            </Method>
          </Methods>
        </Class>
        <Class>
          <Summary numSequencePoints="2" visitedSequencePoints="2" numBranchPoints="0" visitedBranchPoints="0" sequenceCoverage="100" branchCoverage="100" maxCyclomaticComplexity="1" minCyclomaticComplexity="1" visitedClasses="1" numClasses="1" visitedMethods="2" numMethods="2" />
          <FullName>XgateSmsChannel.Plugins.XgateContracts.TokenRequest</FullName>
          <Methods>
            <Method cyclomaticComplexity="1" nPathComplexity="1" sequenceCoverage="100" branchCoverage="100" isConstructor="False" isGetter="True" isSetter="False" isStatic="True">
              <Summary numSequencePoints="1" visitedSequencePoints="1" numBranchPoints="0" visitedBranchPoints="0" sequenceCoverage="100" branchCoverage="100" maxCyclomaticComplexity="1" minCyclomaticComplexity="1" visitedClasses="0" numClasses="0" visitedMethods="1" numMethods="1" />
              <MetadataToken />
              <Name>System.String XgateSmsChannel.Plugins.XgateContracts.TokenRequest::get_AppId()</Name>
              <FileRef uid="13" />
              <SequencePoints>
                <SequencePoint vc="18" uspid="9" ordinal="0" sl="9" sc="1" el="9" ec="2" bec="0" bev="0" fileid="13" />
              </SequencePoints>
              <BranchPoints />
              <MethodPoint vc="1" uspid="0" p8:type="SequencePoint" ordinal="0" offset="0" sc="0" sl="9" ec="1" el="9" bec="0" bev="0" fileid="13" xmlns:p8="xsi" />
            </Method>
            <Method cyclomaticComplexity="1" nPathComplexity="1" sequenceCoverage="100" branchCoverage="100" isConstructor="False" isGetter="True" isSetter="False" isStatic="True">
              <Summary numSequencePoints="1" visitedSequencePoints="1" numBranchPoints="0" visitedBranchPoints="0" sequenceCoverage="100" branchCoverage="100" maxCyclomaticComplexity="1" minCyclomaticComplexity="1" visitedClasses="0" numClasses="0" visitedMethods="1" numMethods="1" />
              <MetadataToken />
              <Name>System.String XgateSmsChannel.Plugins.XgateContracts.TokenRequest::get_AppSecret()</Name>
              <FileRef uid="13" />
              <SequencePoints>
                <SequencePoint vc="18" uspid="12" ordinal="0" sl="12" sc="1" el="12" ec="2" bec="0" bev="0" fileid="13" />
              </SequencePoints>
              <BranchPoints />
              <MethodPoint vc="1" uspid="0" p8:type="SequencePoint" ordinal="1" offset="1" sc="0" sl="12" ec="1" el="12" bec="0" bev="0" fileid="13" xmlns:p8="xsi" />
            </Method>
          </Methods>
        </Class>
        <Class>
          <Summary numSequencePoints="1" visitedSequencePoints="1" numBranchPoints="0" visitedBranchPoints="0" sequenceCoverage="100" branchCoverage="100" maxCyclomaticComplexity="1" minCyclomaticComplexity="1" visitedClasses="1" numClasses="1" visitedMethods="1" numMethods="1" />
          <FullName>XgateSmsChannel.Plugins.XgateContracts.TokenResponse</FullName>
          <Methods>
            <Method cyclomaticComplexity="1" nPathComplexity="1" sequenceCoverage="100" branchCoverage="100" isConstructor="False" isGetter="True" isSetter="False" isStatic="True">
              <Summary numSequencePoints="1" visitedSequencePoints="1" numBranchPoints="0" visitedBranchPoints="0" sequenceCoverage="100" branchCoverage="100" maxCyclomaticComplexity="1" minCyclomaticComplexity="1" visitedClasses="0" numClasses="0" visitedMethods="1" numMethods="1" />
              <MetadataToken />
              <Name>System.String XgateSmsChannel.Plugins.XgateContracts.TokenResponse::get_AccessToken()</Name>
              <FileRef uid="14" />
              <SequencePoints>
                <SequencePoint vc="16" uspid="9" ordinal="0" sl="9" sc="1" el="9" ec="2" bec="0" bev="0" fileid="14" />
              </SequencePoints>
              <BranchPoints />
              <MethodPoint vc="1" uspid="0" p8:type="SequencePoint" ordinal="0" offset="0" sc="0" sl="9" ec="1" el="9" bec="0" bev="0" fileid="14" xmlns:p8="xsi" />
            </Method>
          </Methods>
        </Class>
        <Class>
          <Summary numSequencePoints="6" visitedSequencePoints="6" numBranchPoints="0" visitedBranchPoints="0" sequenceCoverage="100" branchCoverage="100" maxCyclomaticComplexity="1" minCyclomaticComplexity="1" visitedClasses="1" numClasses="1" visitedMethods="6" numMethods="6" />
          <FullName>XgateSmsChannel.Plugins.ChannelContracts.Payload</FullName>
          <Methods>
            <Method cyclomaticComplexity="1" nPathComplexity="1" sequenceCoverage="100" branchCoverage="100" isConstructor="False" isGetter="True" isSetter="False" isStatic="True">
              <Summary numSequencePoints="1" visitedSequencePoints="1" numBranchPoints="0" visitedBranchPoints="0" sequenceCoverage="100" branchCoverage="100" maxCyclomaticComplexity="1" minCyclomaticComplexity="1" visitedClasses="0" numClasses="0" visitedMethods="1" numMethods="1" />
              <MetadataToken />
              <Name>System.Guid XgateSmsChannel.Plugins.ChannelContracts.Payload::get_ChannelDefinitionId()</Name>
              <FileRef uid="15" />
              <SequencePoints>
                <SequencePoint vc="44" uspid="14" ordinal="0" sl="14" sc="1" el="14" ec="2" bec="0" bev="0" fileid="15" />
              </SequencePoints>
              <BranchPoints />
              <MethodPoint vc="1" uspid="0" p8:type="SequencePoint" ordinal="0" offset="0" sc="0" sl="14" ec="1" el="14" bec="0" bev="0" fileid="15" xmlns:p8="xsi" />
            </Method>
            <Method cyclomaticComplexity="1" nPathComplexity="1" sequenceCoverage="100" branchCoverage="100" isConstructor="False" isGetter="True" isSetter="False" isStatic="True">
              <Summary numSequencePoints="1" visitedSequencePoints="1" numBranchPoints="0" visitedBranchPoints="0" sequenceCoverage="100" branchCoverage="100" maxCyclomaticComplexity="1" minCyclomaticComplexity="1" visitedClasses="0" numClasses="0" visitedMethods="1" numMethods="1" />
              <MetadataToken />
              <Name>System.String XgateSmsChannel.Plugins.ChannelContracts.Payload::get_ChannelInstanceId()</Name>
              <FileRef uid="15" />
              <SequencePoints>
                <SequencePoint vc="64" uspid="17" ordinal="0" sl="17" sc="1" el="17" ec="2" bec="0" bev="0" fileid="15" />
              </SequencePoints>
              <BranchPoints />
              <MethodPoint vc="1" uspid="0" p8:type="SequencePoint" ordinal="1" offset="1" sc="0" sl="17" ec="1" el="17" bec="0" bev="0" fileid="15" xmlns:p8="xsi" />
            </Method>
            <Method cyclomaticComplexity="1" nPathComplexity="1" sequenceCoverage="100" branchCoverage="100" isConstructor="False" isGetter="True" isSetter="False" isStatic="True">
              <Summary numSequencePoints="1" visitedSequencePoints="1" numBranchPoints="0" visitedBranchPoints="0" sequenceCoverage="100" branchCoverage="100" maxCyclomaticComplexity="1" minCyclomaticComplexity="1" visitedClasses="0" numClasses="0" visitedMethods="1" numMethods="1" />
              <MetadataToken />
              <Name>System.String XgateSmsChannel.Plugins.ChannelContracts.Payload::get_RequestId()</Name>
              <FileRef uid="15" />
              <SequencePoints>
                <SequencePoint vc="65" uspid="20" ordinal="0" sl="20" sc="1" el="20" ec="2" bec="0" bev="0" fileid="15" />
              </SequencePoints>
              <BranchPoints />
              <MethodPoint vc="1" uspid="0" p8:type="SequencePoint" ordinal="2" offset="2" sc="0" sl="20" ec="1" el="20" bec="0" bev="0" fileid="15" xmlns:p8="xsi" />
            </Method>
            <Method cyclomaticComplexity="1" nPathComplexity="1" sequenceCoverage="100" branchCoverage="100" isConstructor="False" isGetter="True" isSetter="False" isStatic="True">
              <Summary numSequencePoints="1" visitedSequencePoints="1" numBranchPoints="0" visitedBranchPoints="0" sequenceCoverage="100" branchCoverage="100" maxCyclomaticComplexity="1" minCyclomaticComplexity="1" visitedClasses="0" numClasses="0" visitedMethods="1" numMethods="1" />
              <MetadataToken />
              <Name>System.String XgateSmsChannel.Plugins.ChannelContracts.Payload::get_From()</Name>
              <FileRef uid="15" />
              <SequencePoints>
                <SequencePoint vc="44" uspid="23" ordinal="0" sl="23" sc="1" el="23" ec="2" bec="0" bev="0" fileid="15" />
              </SequencePoints>
              <BranchPoints />
              <MethodPoint vc="1" uspid="0" p8:type="SequencePoint" ordinal="3" offset="3" sc="0" sl="23" ec="1" el="23" bec="0" bev="0" fileid="15" xmlns:p8="xsi" />
            </Method>
            <Method cyclomaticComplexity="1" nPathComplexity="1" sequenceCoverage="100" branchCoverage="100" isConstructor="False" isGetter="True" isSetter="False" isStatic="True">
              <Summary numSequencePoints="1" visitedSequencePoints="1" numBranchPoints="0" visitedBranchPoints="0" sequenceCoverage="100" branchCoverage="100" maxCyclomaticComplexity="1" minCyclomaticComplexity="1" visitedClasses="0" numClasses="0" visitedMethods="1" numMethods="1" />
              <MetadataToken />
              <Name>System.String XgateSmsChannel.Plugins.ChannelContracts.Payload::get_To()</Name>
              <FileRef uid="15" />
              <SequencePoints>
                <SequencePoint vc="41" uspid="26" ordinal="0" sl="26" sc="1" el="26" ec="2" bec="0" bev="0" fileid="15" />
              </SequencePoints>
              <BranchPoints />
              <MethodPoint vc="1" uspid="0" p8:type="SequencePoint" ordinal="4" offset="4" sc="0" sl="26" ec="1" el="26" bec="0" bev="0" fileid="15" xmlns:p8="xsi" />
            </Method>
            <Method cyclomaticComplexity="1" nPathComplexity="1" sequenceCoverage="100" branchCoverage="100" isConstructor="False" isGetter="True" isSetter="False" isStatic="True">
              <Summary numSequencePoints="1" visitedSequencePoints="1" numBranchPoints="0" visitedBranchPoints="0" sequenceCoverage="100" branchCoverage="100" maxCyclomaticComplexity="1" minCyclomaticComplexity="1" visitedClasses="0" numClasses="0" visitedMethods="1" numMethods="1" />
              <MetadataToken />
              <Name>System.Collections.Generic.IDictionary`2&lt;System.String,System.String&gt; XgateSmsChannel.Plugins.ChannelContracts.Payload::get_Message()</Name>
              <FileRef uid="15" />
              <SequencePoints>
                <SequencePoint vc="60" uspid="29" ordinal="0" sl="29" sc="1" el="29" ec="2" bec="0" bev="0" fileid="15" />
              </SequencePoints>
              <BranchPoints />
              <MethodPoint vc="1" uspid="0" p8:type="SequencePoint" ordinal="5" offset="5" sc="0" sl="29" ec="1" el="29" bec="0" bev="0" fileid="15" xmlns:p8="xsi" />
            </Method>
          </Methods>
        </Class>
        <Class>
          <Summary numSequencePoints="5" visitedSequencePoints="5" numBranchPoints="0" visitedBranchPoints="0" sequenceCoverage="100" branchCoverage="100" maxCyclomaticComplexity="1" minCyclomaticComplexity="1" visitedClasses="1" numClasses="1" visitedMethods="5" numMethods="5" />
          <FullName>XgateSmsChannel.Plugins.ChannelContracts.Response</FullName>
          <Methods>
            <Method cyclomaticComplexity="1" nPathComplexity="1" sequenceCoverage="100" branchCoverage="100" isConstructor="False" isGetter="True" isSetter="False" isStatic="True">
              <Summary numSequencePoints="1" visitedSequencePoints="1" numBranchPoints="0" visitedBranchPoints="0" sequenceCoverage="100" branchCoverage="100" maxCyclomaticComplexity="1" minCyclomaticComplexity="1" visitedClasses="0" numClasses="0" visitedMethods="1" numMethods="1" />
              <MetadataToken />
              <Name>System.Guid XgateSmsChannel.Plugins.ChannelContracts.Response::get_ChannelDefinitionId()</Name>
              <FileRef uid="16" />
              <SequencePoints>
                <SequencePoint vc="33" uspid="14" ordinal="0" sl="14" sc="1" el="14" ec="2" bec="0" bev="0" fileid="16" />
              </SequencePoints>
              <BranchPoints />
              <MethodPoint vc="1" uspid="0" p8:type="SequencePoint" ordinal="0" offset="0" sc="0" sl="14" ec="1" el="14" bec="0" bev="0" fileid="16" xmlns:p8="xsi" />
            </Method>
            <Method cyclomaticComplexity="1" nPathComplexity="1" sequenceCoverage="100" branchCoverage="100" isConstructor="False" isGetter="True" isSetter="False" isStatic="True">
              <Summary numSequencePoints="1" visitedSequencePoints="1" numBranchPoints="0" visitedBranchPoints="0" sequenceCoverage="100" branchCoverage="100" maxCyclomaticComplexity="1" minCyclomaticComplexity="1" visitedClasses="0" numClasses="0" visitedMethods="1" numMethods="1" />
              <MetadataToken />
              <Name>System.String XgateSmsChannel.Plugins.ChannelContracts.Response::get_RequestId()</Name>
              <FileRef uid="16" />
              <SequencePoints>
                <SequencePoint vc="33" uspid="17" ordinal="0" sl="17" sc="1" el="17" ec="2" bec="0" bev="0" fileid="16" />
              </SequencePoints>
              <BranchPoints />
              <MethodPoint vc="1" uspid="0" p8:type="SequencePoint" ordinal="1" offset="1" sc="0" sl="17" ec="1" el="17" bec="0" bev="0" fileid="16" xmlns:p8="xsi" />
            </Method>
            <Method cyclomaticComplexity="1" nPathComplexity="1" sequenceCoverage="100" branchCoverage="100" isConstructor="False" isGetter="True" isSetter="False" isStatic="True">
              <Summary numSequencePoints="1" visitedSequencePoints="1" numBranchPoints="0" visitedBranchPoints="0" sequenceCoverage="100" branchCoverage="100" maxCyclomaticComplexity="1" minCyclomaticComplexity="1" visitedClasses="0" numClasses="0" visitedMethods="1" numMethods="1" />
              <MetadataToken />
              <Name>System.String XgateSmsChannel.Plugins.ChannelContracts.Response::get_MessageId()</Name>
              <FileRef uid="16" />
              <SequencePoints>
                <SequencePoint vc="38" uspid="20" ordinal="0" sl="20" sc="1" el="20" ec="2" bec="0" bev="0" fileid="16" />
              </SequencePoints>
              <BranchPoints />
              <MethodPoint vc="1" uspid="0" p8:type="SequencePoint" ordinal="2" offset="2" sc="0" sl="20" ec="1" el="20" bec="0" bev="0" fileid="16" xmlns:p8="xsi" />
            </Method>
            <Method cyclomaticComplexity="1" nPathComplexity="1" sequenceCoverage="100" branchCoverage="100" isConstructor="False" isGetter="True" isSetter="False" isStatic="True">
              <Summary numSequencePoints="1" visitedSequencePoints="1" numBranchPoints="0" visitedBranchPoints="0" sequenceCoverage="100" branchCoverage="100" maxCyclomaticComplexity="1" minCyclomaticComplexity="1" visitedClasses="0" numClasses="0" visitedMethods="1" numMethods="1" />
              <MetadataToken />
              <Name>System.String XgateSmsChannel.Plugins.ChannelContracts.Response::get_Status()</Name>
              <FileRef uid="16" />
              <SequencePoints>
                <SequencePoint vc="44" uspid="23" ordinal="0" sl="23" sc="1" el="23" ec="2" bec="0" bev="0" fileid="16" />
              </SequencePoints>
              <BranchPoints />
              <MethodPoint vc="1" uspid="0" p8:type="SequencePoint" ordinal="3" offset="3" sc="0" sl="23" ec="1" el="23" bec="0" bev="0" fileid="16" xmlns:p8="xsi" />
            </Method>
            <Method cyclomaticComplexity="1" nPathComplexity="1" sequenceCoverage="100" branchCoverage="100" isConstructor="False" isGetter="True" isSetter="False" isStatic="True">
              <Summary numSequencePoints="1" visitedSequencePoints="1" numBranchPoints="0" visitedBranchPoints="0" sequenceCoverage="100" branchCoverage="100" maxCyclomaticComplexity="1" minCyclomaticComplexity="1" visitedClasses="0" numClasses="0" visitedMethods="1" numMethods="1" />
              <MetadataToken />
              <Name>System.Collections.Generic.Dictionary`2&lt;System.String,System.Object&gt; XgateSmsChannel.Plugins.ChannelContracts.Response::get_StatusDetails()</Name>
              <FileRef uid="16" />
              <SequencePoints>
                <SequencePoint vc="41" uspid="26" ordinal="0" sl="26" sc="1" el="26" ec="2" bec="0" bev="0" fileid="16" />
              </SequencePoints>
              <BranchPoints />
              <MethodPoint vc="1" uspid="0" p8:type="SequencePoint" ordinal="4" offset="4" sc="0" sl="26" ec="1" el="26" bec="0" bev="0" fileid="16" xmlns:p8="xsi" />
            </Method>
          </Methods>
        </Class>
      </Classes>
    </Module>
  </Modules>
</CoverageSession>